#
# There is insufficient memory for the Java Runtime Environment to continue.
# Native memory allocation (malloc) failed to allocate 1551376 bytes for Chunk::new
# Possible reasons:
#   The system is out of physical RAM or swap space
#   In 32 bit mode, the process size limit was hit
# Possible solutions:
#   Reduce memory load on the system
#   Increase physical memory or swap space
#   Check if swap backing store is full
#   Use 64 bit Java on a 64 bit OS
#   Decrease Java heap size (-Xmx/-Xms)
#   Decrease number of Java threads
#   Decrease Java thread stack sizes (-Xss)
#   Set larger code cache with -XX:ReservedCodeCacheSize=
# This output file may be truncated or incomplete.
#
#  Out of Memory Error (allocation.cpp:390), pid=2812, tid=5060
#
# JRE version: Java(TM) SE Runtime Environment (8.0_60-b27) (build 1.8.0_60-b27)
# Java VM: Java HotSpot(TM) 64-Bit Server VM (25.60-b23 mixed mode windows-amd64 compressed oops)
# Failed to write core dump. Minidumps are not enabled by default on client versions of Windows
#

---------------  T H R E A D  ---------------

Current thread (0x0000000014e3f800):  JavaThread "C2 CompilerThread1" daemon [_thread_in_native, id=5060, stack(0x00000000165a0000,0x00000000166a0000)]

Stack: [0x00000000165a0000,0x00000000166a0000]
[error occurred during error reporting (printing stack bounds), id 0xc0000005]

Native frames: (J=compiled Java code, j=interpreted, Vv=VM code, C=native code)


Current CompileTask:
C2:   4815 1006       4       com.android.dx.rop.code.Rops::ropFor (771 bytes)


---------------  P R O C E S S  ---------------

Java Threads: ( => current thread )
  0x000000001694d000 JavaThread "pool-2-thread-4" [_thread_in_Java, id=3900, stack(0x00000000171a0000,0x00000000172a0000)]
  0x0000000016904000 JavaThread "pool-2-thread-3" [_thread_in_Java, id=6668, stack(0x00000000170a0000,0x00000000171a0000)]
  0x0000000016902800 JavaThread "pool-2-thread-2" [_thread_blocked, id=4452, stack(0x0000000016fa0000,0x00000000170a0000)]
  0x00000000167c8000 JavaThread "pool-3-thread-1" [_thread_blocked, id=3520, stack(0x0000000016ea0000,0x0000000016fa0000)]
  0x00000000167c7000 JavaThread "pool-2-thread-1" [_thread_blocked, id=7760, stack(0x0000000016da0000,0x0000000016ea0000)]
  0x00000000166ab000 JavaThread "Service Thread" daemon [_thread_blocked, id=7520, stack(0x0000000016ba0000,0x0000000016ca0000)]
  0x00000000166a8800 JavaThread "C1 CompilerThread2" daemon [_thread_blocked, id=5196, stack(0x0000000016aa0000,0x0000000016ba0000)]
=>0x0000000014e3f800 JavaThread "C2 CompilerThread1" daemon [_thread_in_native, id=5060, stack(0x00000000165a0000,0x00000000166a0000)]
  0x0000000014e39000 JavaThread "C2 CompilerThread0" daemon [_thread_in_native, id=436, stack(0x00000000164a0000,0x00000000165a0000)]
  0x0000000014e37000 JavaThread "Attach Listener" daemon [_thread_blocked, id=6236, stack(0x00000000163a0000,0x00000000164a0000)]
  0x0000000014e35800 JavaThread "Signal Dispatcher" daemon [_thread_blocked, id=2684, stack(0x00000000162a0000,0x00000000163a0000)]
  0x0000000002760000 JavaThread "Finalizer" daemon [_thread_blocked, id=3044, stack(0x00000000160a0000,0x00000000161a0000)]
  0x000000000275d000 JavaThread "Reference Handler" daemon [_thread_blocked, id=8024, stack(0x0000000015fa0000,0x00000000160a0000)]
  0x0000000002670800 JavaThread "main" [_thread_in_native, id=3408, stack(0x0000000002570000,0x0000000002670000)]

Other Threads:
  0x0000000014e08000 VMThread [stack: 0x0000000015ea0000,0x0000000015fa0000] [id=4468]
  0x00000000166b3000 WatcherThread [stack: 0x0000000016ca0000,0x0000000016da0000] [id=5612]

VM state:not at safepoint (normal execution)

VM Mutex/Monitor currently owned by a thread: None

Heap:
 PSYoungGen      total 18944K, used 7428K [0x00000000eab00000, 0x00000000ec000000, 0x0000000100000000)
  eden space 16384K, 29% used [0x00000000eab00000,0x00000000eafc3970,0x00000000ebb00000)
  from space 2560K, 99% used [0x00000000ebb00000,0x00000000ebd7d828,0x00000000ebd80000)
  to   space 2560K, 0% used [0x00000000ebd80000,0x00000000ebd80000,0x00000000ec000000)
 ParOldGen       total 44032K, used 2084K [0x00000000c0000000, 0x00000000c2b00000, 0x00000000eab00000)
  object space 44032K, 4% used [0x00000000c0000000,0x00000000c0209208,0x00000000c2b00000)
 Metaspace       used 5626K, capacity 6768K, committed 7040K, reserved 1056768K
  class space    used 577K, capacity 616K, committed 640K, reserved 1048576K

Card table byte_map: [0x0000000011b30000,0x0000000011d40000] byte_map_base: 0x0000000011530000

Marking Bits: (ParMarkBitMap*) 0x000000007227a5b0
 Begin Bits: [0x00000000122a0000, 0x00000000132a0000)
 End Bits:   [0x00000000132a0000, 0x00000000142a0000)

Polling page: 0x0000000000a30000

CodeCache: size=245760Kb used=4211Kb max_used=4224Kb free=241548Kb
 bounds [0x0000000002770000, 0x0000000002ba0000, 0x0000000011770000]
 total_blobs=1269 nmethods=1007 adapters=175
 compilation: enabled

Compilation events (10 events):
Event: 4.587 Thread 0x0000000014e3f800 nmethod 1001 0x0000000002b8d3d0 code [0x0000000002b8dd60, 0x0000000002b8e468]
Event: 4.587 Thread 0x0000000014e3f800 1004       4       com.android.dx.cf.code.ValueAwareMachine::run (1142 bytes)
Event: 4.601 Thread 0x00000000166a8800 1007       1       com.android.dx.rop.cst.TypedConstant::getFrameType (2 bytes)
Event: 4.601 Thread 0x00000000166a8800 nmethod 1007 0x0000000002b6f650 code [0x0000000002b6f7a0, 0x0000000002b6f8b0]
Event: 4.669 Thread 0x0000000014e3f800 nmethod 1004 0x0000000002b90e10 code [0x0000000002b918a0, 0x0000000002b92d00]
Event: 4.670 Thread 0x0000000014e3f800 1008       4       com.android.dx.cf.code.RopperMachine::getSources (264 bytes)
Event: 4.706 Thread 0x0000000014e3f800 nmethod 1008 0x0000000002b94490 code [0x0000000002b94680, 0x0000000002b950d8]
Event: 4.706 Thread 0x0000000014e3f800 1009       4       com.android.dx.cf.code.BaseMachine::storeResults (90 bytes)
Event: 4.718 Thread 0x0000000014e3f800 nmethod 1009 0x0000000002b8c810 code [0x0000000002b8c9a0, 0x0000000002b8ce88]
Event: 4.718 Thread 0x0000000014e3f800 1006       4       com.android.dx.rop.code.Rops::ropFor (771 bytes)

GC Heap History (2 events):
Event: 3.507 GC heap before
{Heap before GC invocations=1 (full 0):
 PSYoungGen      total 18944K, used 16384K [0x00000000eab00000, 0x00000000ec000000, 0x0000000100000000)
  eden space 16384K, 100% used [0x00000000eab00000,0x00000000ebb00000,0x00000000ebb00000)
  from space 2560K, 0% used [0x00000000ebd80000,0x00000000ebd80000,0x00000000ec000000)
  to   space 2560K, 0% used [0x00000000ebb00000,0x00000000ebb00000,0x00000000ebd80000)
 ParOldGen       total 44032K, used 0K [0x00000000c0000000, 0x00000000c2b00000, 0x00000000eab00000)
  object space 44032K, 0% used [0x00000000c0000000,0x00000000c0000000,0x00000000c2b00000)
 Metaspace       used 5615K, capacity 6768K, committed 7040K, reserved 1056768K
  class space    used 577K, capacity 616K, committed 640K, reserved 1048576K
Event: 4.038 GC heap after
Heap after GC invocations=1 (full 0):
 PSYoungGen      total 18944K, used 2550K [0x00000000eab00000, 0x00000000ec000000, 0x0000000100000000)
  eden space 16384K, 0% used [0x00000000eab00000,0x00000000eab00000,0x00000000ebb00000)
  from space 2560K, 99% used [0x00000000ebb00000,0x00000000ebd7d828,0x00000000ebd80000)
  to   space 2560K, 0% used [0x00000000ebd80000,0x00000000ebd80000,0x00000000ec000000)
 ParOldGen       total 44032K, used 2084K [0x00000000c0000000, 0x00000000c2b00000, 0x00000000eab00000)
  object space 44032K, 4% used [0x00000000c0000000,0x00000000c0209208,0x00000000c2b00000)
 Metaspace       used 5615K, capacity 6768K, committed 7040K, reserved 1056768K
  class space    used 577K, capacity 616K, committed 640K, reserved 1048576K
}

Deoptimization events (10 events):
Event: 3.175 Thread 0x000000001694d000 Uncommon trap: reason=class_check action=maybe_recompile pc=0x0000000002b04134 method=com.android.dx.cf.code.BytecodeArray.parseInstruction(ILcom/android/dx/cf/code/BytecodeArray$Visitor;)I @ 987
Event: 3.204 Thread 0x000000001694d000 Uncommon trap: reason=class_check action=maybe_recompile pc=0x0000000002b04134 method=com.android.dx.cf.code.BytecodeArray.parseInstruction(ILcom/android/dx/cf/code/BytecodeArray$Visitor;)I @ 987
Event: 3.205 Thread 0x000000001694d000 Uncommon trap: reason=class_check action=maybe_recompile pc=0x0000000002b041a4 method=com.android.dx.cf.code.BytecodeArray.parseInstruction(ILcom/android/dx/cf/code/BytecodeArray$Visitor;)I @ 1130
Event: 3.419 Thread 0x0000000016904000 Uncommon trap: reason=unstable_if action=reinterpret pc=0x0000000002a98164 method=com.android.dx.rop.code.RegisterSpec.equals(ILcom/android/dx/rop/type/TypeBearer;Lcom/android/dx/rop/code/LocalItem;)Z @ 16
Event: 3.419 Thread 0x0000000016904000 Uncommon trap: reason=class_check action=maybe_recompile pc=0x0000000002ac8df8 method=com.android.dx.rop.type.Type.equals(Ljava/lang/Object;)Z @ 8
Event: 3.419 Thread 0x0000000016904000 Uncommon trap: reason=unstable_if action=reinterpret pc=0x0000000002b246a4 method=com.android.dx.rop.code.RegisterSpec.equals(ILcom/android/dx/rop/type/TypeBearer;Lcom/android/dx/rop/code/LocalItem;)Z @ 16
Event: 3.420 Thread 0x0000000016904000 Uncommon trap: reason=unstable_if action=reinterpret pc=0x00000000029960fc method=java.util.HashMap.getNode(ILjava/lang/Object;)Ljava/util/HashMap$Node; @ 129
Event: 4.051 Thread 0x000000001694d000 Uncommon trap: reason=class_check action=maybe_recompile pc=0x0000000002b04134 method=com.android.dx.cf.code.BytecodeArray.parseInstruction(ILcom/android/dx/cf/code/BytecodeArray$Visitor;)I @ 987
Event: 4.254 Thread 0x0000000016904000 Uncommon trap: reason=unstable_if action=reinterpret pc=0x0000000002ac8380 method=com.android.dx.rop.code.RegisterSpec.equals(ILcom/android/dx/rop/type/TypeBearer;Lcom/android/dx/rop/code/LocalItem;)Z @ 16
Event: 4.352 Thread 0x0000000016904000 Uncommon trap: reason=class_check action=maybe_recompile pc=0x0000000002ac8df8 method=com.android.dx.rop.type.Type.equals(Ljava/lang/Object;)Z @ 8

Internal exceptions (2 events):
Event: 0.812 Thread 0x0000000002670800 Exception <a 'java/lang/NoSuchMethodError': Method sun.misc.Unsafe.defineClass(Ljava/lang/String;[BII)Ljava/lang/Class; name or signature does not match> (0x00000000eab0d258) thrown at [C:\re\workspace\8-2-build-windows-amd64-cygwin\jdk8u60\4407\hotspot\srX'&ÿüé?
Event: 0.812 Thread 0x0000000002670800 Exception <a 'java/lang/NoSuchMethodError': Method sun.misc.Unsafe.prefetchRead(Ljava/lang/Object;J)V name or signature does not match> (0x00000000eab0d540) thrown at [C:\re\workspace\8-2-build-windows-amd64-cygwin\jdk8u60\4407\hotspot\src\share\vm\prims\j

Events (10 events):
Event: 4.038 Executing VM operation: ParallelGCFailedAllocation done
Event: 4.051 Thread 0x000000001694d000 Uncommon trap: trap_request=0xffffffde fr.pc=0x0000000002b04134
Event: 4.051 Thread 0x000000001694d000 DEOPT PACKING pc=0x0000000002b04134 sp=0x000000001729e690
Event: 4.051 Thread 0x000000001694d000 DEOPT UNPACKING pc=0x00000000027b582a sp=0x000000001729e5f0 mode 2
Event: 4.254 Thread 0x0000000016904000 Uncommon trap: trap_request=0xffffff65 fr.pc=0x0000000002ac8380
Event: 4.254 Thread 0x0000000016904000 DEOPT PACKING pc=0x0000000002ac8380 sp=0x000000001719e680
Event: 4.254 Thread 0x0000000016904000 DEOPT UNPACKING pc=0x00000000027b582a sp=0x000000001719e4c0 mode 2
Event: 4.351 Thread 0x0000000016904000 Uncommon trap: trap_request=0xffffffde fr.pc=0x0000000002ac8df8
Event: 4.352 Thread 0x0000000016904000 DEOPT PACKING pc=0x0000000002ac8df8 sp=0x000000001719e850
Event: 4.352 Thread 0x0000000016904000 DEOPT UNPACKING pc=0x00000000027b582a sp=0x000000001719e7e8 mode 2


Dynamic libraries:
0x00007ff6567f0000 - 0x00007ff656827000 	C:\Program Files\Java\jdk1.8.0_60\bin\java.exe
0x00007ff900d20000 - 0x00007ff900ee2000 	C:\WINDOWS\SYSTEM32\ntdll.dll
0x00007ff9002d0000 - 0x00007ff90037d000 	C:\WINDOWS\system32\KERNEL32.DLL
0x00007ff8fe180000 - 0x00007ff8fe35d000 	C:\WINDOWS\system32\KERNELBASE.dll
0x00007ff900c00000 - 0x00007ff900ca6000 	C:\WINDOWS\system32\ADVAPI32.dll
0x00007ff900780000 - 0x00007ff90081d000 	C:\WINDOWS\system32\msvcrt.dll
0x00007ff8ffc20000 - 0x00007ff8ffc7b000 	C:\WINDOWS\system32\sechost.dll
0x00007ff8ffa90000 - 0x00007ff8ffbb6000 	C:\WINDOWS\system32\RPCRT4.dll
0x00007ff900180000 - 0x00007ff9002ce000 	C:\WINDOWS\system32\USER32.dll
0x00007ff8ffd50000 - 0x00007ff8ffed6000 	C:\WINDOWS\system32\GDI32.dll
0x00007ff8edc40000 - 0x00007ff8edeb4000 	C:\WINDOWS\WinSxS\amd64_microsoft.windows.common-controls_6595b64144ccf1df_6.0.10240.16384_none_f41f7b285750ef43\COMCTL32.dll
0x00007ff8ff9d0000 - 0x00007ff8ffa06000 	C:\WINDOWS\system32\IMM32.DLL
0x00007ff900880000 - 0x00007ff9009dc000 	C:\WINDOWS\system32\MSCTF.dll
0x00000000715b0000 - 0x0000000071682000 	C:\Program Files\Java\jdk1.8.0_60\jre\bin\msvcr100.dll
0x0000000071a70000 - 0x00000000722f9000 	C:\Program Files\Java\jdk1.8.0_60\jre\bin\server\jvm.dll
0x00007ff8ffd40000 - 0x00007ff8ffd48000 	C:\WINDOWS\system32\PSAPI.DLL
0x00007ff8f0380000 - 0x00007ff8f0389000 	C:\WINDOWS\SYSTEM32\WSOCK32.dll
0x00007ff8ffa20000 - 0x00007ff8ffa89000 	C:\WINDOWS\system32\WS2_32.dll
0x00007ff8ffa10000 - 0x00007ff8ffa18000 	C:\WINDOWS\system32\NSI.dll
0x00007ff8fba30000 - 0x00007ff8fba53000 	C:\WINDOWS\SYSTEM32\WINMM.dll
0x00007ff8f4ff0000 - 0x00007ff8f4ffa000 	C:\WINDOWS\SYSTEM32\VERSION.dll
0x00007ff8fb7b0000 - 0x00007ff8fb7dc000 	C:\WINDOWS\SYSTEM32\WINMMBASE.dll
0x00007ff8fe360000 - 0x00007ff8fe3a4000 	C:\WINDOWS\system32\cfgmgr32.dll
0x00007ff8fbfe0000 - 0x00007ff8fc007000 	C:\WINDOWS\SYSTEM32\DEVOBJ.dll
0x0000000071a60000 - 0x0000000071a6f000 	C:\Program Files\Java\jdk1.8.0_60\jre\bin\verify.dll
0x0000000071a30000 - 0x0000000071a59000 	C:\Program Files\Java\jdk1.8.0_60\jre\bin\java.dll
0x0000000071a10000 - 0x0000000071a26000 	C:\Program Files\Java\jdk1.8.0_60\jre\bin\zip.dll
0x00007ff8fe3b0000 - 0x00007ff8ff918000 	C:\WINDOWS\system32\SHELL32.dll
0x00007ff8fd7b0000 - 0x00007ff8fddd8000 	C:\WINDOWS\system32\windows.storage.dll
0x00007ff8fff00000 - 0x00007ff90017c000 	C:\WINDOWS\system32\combase.dll
0x00007ff8ffbc0000 - 0x00007ff8ffc11000 	C:\WINDOWS\system32\shlwapi.dll
0x00007ff8fd780000 - 0x00007ff8fd78f000 	C:\WINDOWS\system32\kernel.appcore.dll
0x00007ff8fde90000 - 0x00007ff8fdf43000 	C:\WINDOWS\system32\shcore.dll
0x00007ff8fd730000 - 0x00007ff8fd77a000 	C:\WINDOWS\system32\powrprof.dll
0x00007ff8fd710000 - 0x00007ff8fd723000 	C:\WINDOWS\system32\profapi.dll
0x00007ff8ffc80000 - 0x00007ff8ffd3e000 	C:\WINDOWS\system32\OLEAUT32.dll

VM Arguments:
jvm_args: -Djava.awt.headless=true -Xmx1024M -Dfile.encoding=windows-1252 -Duser.country=ES -Duser.language=es -Duser.variant 
java_command: com.android.dx.command.Main --dex --force-jumbo --num-threads=4 --multi-dex --output C:\Users\Jordi\AndroidStudioProjects\Prueba3\app\build\intermediates\transforms\dex\debug\folders\1000\5\slice_1 C:\Users\Jordi\AndroidStudioProjects\Prueba3\app\build\intermediates\transforms\instantRunSlicer\debug\folders\1\5\slice_1
java_class_path (initial): C:\Users\Jordi\AppData\Local\Android\sdk\build-tools\23.0.2\lib\dx.jar
Launcher Type: SUN_STANDARD

Environment Variables:
JAVA_HOME=C:\Program Files\Java\jdk1.8.0_60
PATH=C:\ProgramData\Oracle\Java\javapath;C:\WINDOWS\system32;C:\WINDOWS;C:\WINDOWS\System32\Wbem;C:\WINDOWS\System32\WindowsPowerShell\v1.0\;C:\Program Files\Java\jdk1.8.0_60\bin;C:\Program Files (x86)\Skype\Phone\
USERNAME=Jordi
OS=Windows_NT
PROCESSOR_IDENTIFIER=Intel64 Family 6 Model 69 Stepping 1, GenuineIntel



---------------  S Y S T E M  ---------------

OS: Windows 10.0 , 64 bit Build 10240 (10.0.10240.16384)

CPU:total 4 (2 cores per cpu, 2 threads per core) family 6 model 69 stepping 1, cmov, cx8, fxsr, mmx, sse, sse2, sse3, ssse3, sse4.1, sse4.2, popcnt, avx, avx2, aes, clmul, erms, lzcnt, ht, tsc, tscinvbit, bmi1, bmi2

Memory: 4k page, physical 4097112k(377936k free), swap 5401568k(5236k free)

vm_info: Java HotSpot(TM) 64-Bit Server VM (25.60-b23) for windows-amd64 JRE (1.8.0_60-b27), built on Aug  4 2015 11:06:27 by "java_re" with MS VC++ 10.0 (VS2010)

time: Fri Jun 17 10:34:55 2016
elapsed time: 4 seconds (0d 0h 0m 4s)

