#
# There is insufficient memory for the Java Runtime Environment to continue.
# Native memory allocation (malloc) failed to allocate 1026736 bytes for Chunk::new
# Possible reasons:
#   The system is out of physical RAM or swap space
#   In 32 bit mode, the process size limit was hit
# Possible solutions:
#   Reduce memory load on the system
#   Increase physical memory or swap space
#   Check if swap backing store is full
#   Use 64 bit Java on a 64 bit OS
#   Decrease Java heap size (-Xmx/-Xms)
#   Decrease number of Java threads
#   Decrease Java thread stack sizes (-Xss)
#   Set larger code cache with -XX:ReservedCodeCacheSize=
# This output file may be truncated or incomplete.
#
#  Out of Memory Error (allocation.cpp:390), pid=332, tid=7120
#
# JRE version: Java(TM) SE Runtime Environment (8.0_60-b27) (build 1.8.0_60-b27)
# Java VM: Java HotSpot(TM) 64-Bit Server VM (25.60-b23 mixed mode windows-amd64 compressed oops)
# Failed to write core dump. Minidumps are not enabled by default on client versions of Windows
#

---------------  T H R E A D  ---------------

Current thread (0x000000001527a000):  JavaThread "C2 CompilerThread0" daemon [_thread_in_native, id=7120, stack(0x00000000168d0000,0x00000000169d0000)]

Stack: [0x00000000168d0000,0x00000000169d0000]
[error occurred during error reporting (printing stack bounds), id 0xc0000005]

Native frames: (J=compiled Java code, j=interpreted, Vv=VM code, C=native code)


Current CompileTask:
C2:  15418 1426       4       com.android.dx.dex.code.OutputFinisher::addConstants (93 bytes)


---------------  P R O C E S S  ---------------

Java Threads: ( => current thread )
  0x0000000016c1e000 JavaThread "pool-1-thread-1" [_thread_in_vm, id=5148, stack(0x00000000171d0000,0x00000000172d0000)]
  0x0000000016adc800 JavaThread "Service Thread" daemon [_thread_blocked, id=2776, stack(0x0000000016fd0000,0x00000000170d0000)]
  0x0000000016ad8800 JavaThread "C1 CompilerThread2" daemon [_thread_blocked, id=2636, stack(0x0000000016ed0000,0x0000000016fd0000)]
  0x000000001527f800 JavaThread "C2 CompilerThread1" daemon [_thread_blocked, id=4384, stack(0x00000000169d0000,0x0000000016ad0000)]
=>0x000000001527a000 JavaThread "C2 CompilerThread0" daemon [_thread_in_native, id=7120, stack(0x00000000168d0000,0x00000000169d0000)]
  0x0000000015277000 JavaThread "Attach Listener" daemon [_thread_blocked, id=5532, stack(0x00000000167d0000,0x00000000168d0000)]
  0x0000000015275800 JavaThread "Signal Dispatcher" daemon [_thread_blocked, id=5672, stack(0x00000000166d0000,0x00000000167d0000)]
  0x0000000002ba0800 JavaThread "Finalizer" daemon [_thread_blocked, id=6716, stack(0x00000000164d0000,0x00000000165d0000)]
  0x0000000002b9d000 JavaThread "Reference Handler" daemon [_thread_blocked, id=908, stack(0x00000000163d0000,0x00000000164d0000)]
  0x0000000002ab0800 JavaThread "main" [_thread_blocked, id=6892, stack(0x00000000028b0000,0x00000000029b0000)]

Other Threads:
  0x0000000015248000 VMThread [stack: 0x00000000162d0000,0x00000000163d0000] [id=3324]
  0x0000000016af2000 WatcherThread [stack: 0x00000000170d0000,0x00000000171d0000] [id=5488]

VM state:not at safepoint (normal execution)

VM Mutex/Monitor currently owned by a thread: None

Heap:
 PSYoungGen      total 18944K, used 14699K [0x00000000eab00000, 0x00000000ed000000, 0x0000000100000000)
  eden space 16384K, 74% used [0x00000000eab00000,0x00000000eb6e24a8,0x00000000ebb00000)
  from space 2560K, 98% used [0x00000000ebb00000,0x00000000ebd789b0,0x00000000ebd80000)
  to   space 2560K, 0% used [0x00000000ecd80000,0x00000000ecd80000,0x00000000ed000000)
 ParOldGen       total 44032K, used 7380K [0x00000000c0000000, 0x00000000c2b00000, 0x00000000eab00000)
  object space 44032K, 16% used [0x00000000c0000000,0x00000000c0735100,0x00000000c2b00000)
 Metaspace       used 6353K, capacity 7224K, committed 7296K, reserved 1056768K
  class space    used 620K, capacity 624K, committed 640K, reserved 1048576K

Card table byte_map: [0x0000000011f70000,0x0000000012180000] byte_map_base: 0x0000000011970000

Marking Bits: (ParMarkBitMap*) 0x000000007227a5b0
 Begin Bits: [0x00000000126e0000, 0x00000000136e0000)
 End Bits:   [0x00000000136e0000, 0x00000000146e0000)

Polling page: 0x0000000002830000

CodeCache: size=245760Kb used=6396Kb max_used=6396Kb free=239363Kb
 bounds [0x0000000002bb0000, 0x0000000003200000, 0x0000000011bb0000]
 total_blobs=1907 nmethods=1636 adapters=183
 compilation: enabled

Compilation events (10 events):
Event: 15.384 Thread 0x0000000016ad8800 1651       3       java.util.Arrays::rangeCheck (74 bytes)
Event: 15.385 Thread 0x0000000016ad8800 nmethod 1651 0x00000000031eb090 code [0x00000000031eb2e0, 0x00000000031ec048]
Event: 15.390 Thread 0x000000001527f800 nmethod 1632 0x00000000031ea990 code [0x00000000031eab00, 0x00000000031eae88]
Event: 15.393 Thread 0x0000000016ad8800 1652       3       com.android.dx.dex.code.DalvCode::finishProcessingIfNecessary (69 bytes)
Event: 15.395 Thread 0x0000000016ad8800 nmethod 1652 0x00000000031ea1d0 code [0x00000000031ea380, 0x00000000031ea7d8]
Event: 15.407 Thread 0x0000000016ad8800 1653       3       java.util.TimSort::sort (229 bytes)
Event: 15.408 Thread 0x0000000016ad8800 nmethod 1653 0x00000000031f16d0 code [0x00000000031f18c0, 0x00000000031f1fb8]
Event: 15.409 Thread 0x0000000016ad8800 1654       3       com.android.dx.dex.file.DebugInfoEncoder::computeOpcode (35 bytes)
Event: 15.410 Thread 0x0000000016ad8800 nmethod 1654 0x00000000031f1210 code [0x00000000031f1380, 0x00000000031f1608]
Event: 15.410 Thread 0x0000000016ad8800 1655       3       com.android.dx.dex.file.DebugInfoEncoder::emitLocalsAtAddress (150 bytes)

GC Heap History (6 events):
Event: 10.220 GC heap before
{Heap before GC invocations=1 (full 0):
 PSYoungGen      total 18944K, used 16384K [0x00000000eab00000, 0x00000000ec000000, 0x0000000100000000)
  eden space 16384K, 100% used [0x00000000eab00000,0x00000000ebb00000,0x00000000ebb00000)
  from space 2560K, 0% used [0x00000000ebd80000,0x00000000ebd80000,0x00000000ec000000)
  to   space 2560K, 0% used [0x00000000ebb00000,0x00000000ebb00000,0x00000000ebd80000)
 ParOldGen       total 44032K, used 0K [0x00000000c0000000, 0x00000000c2b00000, 0x00000000eab00000)
  object space 44032K, 0% used [0x00000000c0000000,0x00000000c0000000,0x00000000c2b00000)
 Metaspace       used 5771K, capacity 6768K, committed 7040K, reserved 1056768K
  class space    used 595K, capacity 616K, committed 640K, reserved 1048576K
Event: 10.282 GC heap after
Heap after GC invocations=1 (full 0):
 PSYoungGen      total 18944K, used 2538K [0x00000000eab00000, 0x00000000ec000000, 0x0000000100000000)
  eden space 16384K, 0% used [0x00000000eab00000,0x00000000eab00000,0x00000000ebb00000)
  from space 2560K, 99% used [0x00000000ebb00000,0x00000000ebd7aab0,0x00000000ebd80000)
  to   space 2560K, 0% used [0x00000000ebd80000,0x00000000ebd80000,0x00000000ec000000)
 ParOldGen       total 44032K, used 2005K [0x00000000c0000000, 0x00000000c2b00000, 0x00000000eab00000)
  object space 44032K, 4% used [0x00000000c0000000,0x00000000c01f54f0,0x00000000c2b00000)
 Metaspace       used 5771K, capacity 6768K, committed 7040K, reserved 1056768K
  class space    used 595K, capacity 616K, committed 640K, reserved 1048576K
}
Event: 10.911 GC heap before
{Heap before GC invocations=2 (full 0):
 PSYoungGen      total 18944K, used 18922K [0x00000000eab00000, 0x00000000ec000000, 0x0000000100000000)
  eden space 16384K, 100% used [0x00000000eab00000,0x00000000ebb00000,0x00000000ebb00000)
  from space 2560K, 99% used [0x00000000ebb00000,0x00000000ebd7aab0,0x00000000ebd80000)
  to   space 2560K, 0% used [0x00000000ebd80000,0x00000000ebd80000,0x00000000ec000000)
 ParOldGen       total 44032K, used 2005K [0x00000000c0000000, 0x00000000c2b00000, 0x00000000eab00000)
  object space 44032K, 4% used [0x00000000c0000000,0x00000000c01f54f0,0x00000000c2b00000)
 Metaspace       used 5958K, capacity 6896K, committed 7040K, reserved 1056768K
  class space    used 596K, capacity 616K, committed 640K, reserved 1048576K
Event: 10.925 GC heap after
Heap after GC invocations=2 (full 0):
 PSYoungGen      total 18944K, used 2557K [0x00000000eab00000, 0x00000000ed000000, 0x0000000100000000)
  eden space 16384K, 0% used [0x00000000eab00000,0x00000000eab00000,0x00000000ebb00000)
  from space 2560K, 99% used [0x00000000ebd80000,0x00000000ebfff420,0x00000000ec000000)
  to   space 2560K, 0% used [0x00000000ebb00000,0x00000000ebb00000,0x00000000ebd80000)
 ParOldGen       total 44032K, used 4684K [0x00000000c0000000, 0x00000000c2b00000, 0x00000000eab00000)
  object space 44032K, 10% used [0x00000000c0000000,0x00000000c0493208,0x00000000c2b00000)
 Metaspace       used 5958K, capacity 6896K, committed 7040K, reserved 1056768K
  class space    used 596K, capacity 616K, committed 640K, reserved 1048576K
}
Event: 11.235 GC heap before
{Heap before GC invocations=3 (full 0):
 PSYoungGen      total 18944K, used 18941K [0x00000000eab00000, 0x00000000ed000000, 0x0000000100000000)
  eden space 16384K, 100% used [0x00000000eab00000,0x00000000ebb00000,0x00000000ebb00000)
  from space 2560K, 99% used [0x00000000ebd80000,0x00000000ebfff420,0x00000000ec000000)
  to   space 2560K, 0% used [0x00000000ebb00000,0x00000000ebb00000,0x00000000ebd80000)
 ParOldGen       total 44032K, used 4684K [0x00000000c0000000, 0x00000000c2b00000, 0x00000000eab00000)
  object space 44032K, 10% used [0x00000000c0000000,0x00000000c0493208,0x00000000c2b00000)
 Metaspace       used 6030K, capacity 6962K, committed 7040K, reserved 1056768K
  class space    used 599K, capacity 618K, committed 640K, reserved 1048576K
Event: 11.250 GC heap after
Heap after GC invocations=3 (full 0):
 PSYoungGen      total 18944K, used 2530K [0x00000000eab00000, 0x00000000ed000000, 0x0000000100000000)
  eden space 16384K, 0% used [0x00000000eab00000,0x00000000eab00000,0x00000000ebb00000)
  from space 2560K, 98% used [0x00000000ebb00000,0x00000000ebd789b0,0x00000000ebd80000)
  to   space 2560K, 0% used [0x00000000ecd80000,0x00000000ecd80000,0x00000000ed000000)
 ParOldGen       total 44032K, used 7380K [0x00000000c0000000, 0x00000000c2b00000, 0x00000000eab00000)
  object space 44032K, 16% used [0x00000000c0000000,0x00000000c0735100,0x00000000c2b00000)
 Metaspace       used 6030K, capacity 6962K, committed 7040K, reserved 1056768K
  class space    used 599K, capacity 618K, committed 640K, reserved 1048576K
}

Deoptimization events (10 events):
Event: 14.618 Thread 0x0000000016c1e000 Uncommon trap: reason=class_check action=maybe_recompile pc=0x0000000002f6c6ac method=java.util.Arrays.equals([Ljava/lang/Object;[Ljava/lang/Object;)Z @ 62
Event: 14.618 Thread 0x0000000016c1e000 Uncommon trap: reason=speculate_class_check action=maybe_recompile pc=0x0000000002f79da8 method=com.android.dx.util.FixedSizeList.equals(Ljava/lang/Object;)Z @ 25
Event: 14.618 Thread 0x0000000016c1e000 Uncommon trap: reason=class_check action=maybe_recompile pc=0x0000000002f6c6ac method=java.util.Arrays.equals([Ljava/lang/Object;[Ljava/lang/Object;)Z @ 62
Event: 14.618 Thread 0x0000000016c1e000 Uncommon trap: reason=speculate_class_check action=maybe_recompile pc=0x0000000002f79da8 method=com.android.dx.util.FixedSizeList.equals(Ljava/lang/Object;)Z @ 25
Event: 14.618 Thread 0x0000000016c1e000 Uncommon trap: reason=class_check action=maybe_recompile pc=0x0000000002f6c6ac method=java.util.Arrays.equals([Ljava/lang/Object;[Ljava/lang/Object;)Z @ 62
Event: 14.618 Thread 0x0000000016c1e000 Uncommon trap: reason=speculate_class_check action=maybe_recompile pc=0x0000000002f79da8 method=com.android.dx.util.FixedSizeList.equals(Ljava/lang/Object;)Z @ 25
Event: 14.618 Thread 0x0000000016c1e000 Uncommon trap: reason=class_check action=maybe_recompile pc=0x0000000002f6c6ac method=java.util.Arrays.equals([Ljava/lang/Object;[Ljava/lang/Object;)Z @ 62
Event: 14.749 Thread 0x0000000016c1e000 Uncommon trap: reason=unstable_if action=reinterpret pc=0x00000000030cb180 method=com.android.dx.rop.code.RegisterSpecSet.equals(Ljava/lang/Object;)Z @ 30
Event: 14.994 Thread 0x0000000016c1e000 Uncommon trap: reason=unstable_if action=reinterpret pc=0x00000000031a7aa0 method=com.android.dx.dex.code.LocalList$MakeState.filterSpec(Lcom/android/dx/rop/code/RegisterSpec;)Lcom/android/dx/rop/code/RegisterSpec; @ 11
Event: 14.994 Thread 0x0000000016c1e000 Uncommon trap: reason=unstable_if action=reinterpret pc=0x00000000031aaae8 method=com.android.dx.dex.code.LocalList$MakeState.filterSpec(Lcom/android/dx/rop/code/RegisterSpec;)Lcom/android/dx/rop/code/RegisterSpec; @ 11

Internal exceptions (3 events):
Event: 1.634 Thread 0x0000000002ab0800 Exception <a 'java/lang/NoSuchMethodError': Method sun.misc.Unsafe.defineClass(Ljava/lang/String;[BII)Ljava/lang/Class; name or signature does not match> (0x00000000eab0d2b0) thrown at [C:\re\workspace\8-2-build-windows-amd64-cygwin\jdk8u60\4407\hotspot\srãf©Ô&ú?
Event: 1.634 Thread 0x0000000002ab0800 Exception <a 'java/lang/NoSuchMethodError': Method sun.misc.Unsafe.prefetchRead(Ljava/lang/Object;J)V name or signature does not match> (0x00000000eab0d598) thrown at [C:\re\workspace\8-2-build-windows-amd64-cygwin\jdk8u60\4407\hotspot\src\share\vm\prims\j(ùÂF%@
Event: 10.638 Thread 0x0000000002ab0800 Implicit null exception at 0x0000000002ed9462 to 0x0000000002edb159

Events (10 events):
Event: 14.994 Thread 0x0000000016c1e000 DEOPT PACKING pc=0x00000000031aaae8 sp=0x00000000172ceac0
Event: 14.994 Thread 0x0000000016c1e000 DEOPT UNPACKING pc=0x0000000002bf582a sp=0x00000000172cea60 mode 2
Event: 15.003 loading class com/android/dx/rop/code/RegisterSpec$1
Event: 15.003 loading class com/android/dx/rop/code/RegisterSpec$1 done
Event: 15.372 loading class com/android/dx/dex/file/DebugInfoEncoder
Event: 15.372 loading class com/android/dx/dex/file/DebugInfoEncoder done
Event: 15.376 loading class com/android/dx/dex/file/DebugInfoEncoder$1
Event: 15.376 loading class com/android/dx/dex/file/DebugInfoEncoder$1 done
Event: 15.377 loading class com/android/dx/dex/file/DebugInfoEncoder$2
Event: 15.377 loading class com/android/dx/dex/file/DebugInfoEncoder$2 done


Dynamic libraries:
0x00007ff6567f0000 - 0x00007ff656827000 	C:\Program Files\Java\jdk1.8.0_60\bin\java.exe
0x00007ff900d20000 - 0x00007ff900ee2000 	C:\WINDOWS\SYSTEM32\ntdll.dll
0x00007ff9002d0000 - 0x00007ff90037d000 	C:\WINDOWS\system32\KERNEL32.DLL
0x00007ff8fe180000 - 0x00007ff8fe35d000 	C:\WINDOWS\system32\KERNELBASE.dll
0x00007ff900c00000 - 0x00007ff900ca6000 	C:\WINDOWS\system32\ADVAPI32.dll
0x00007ff900780000 - 0x00007ff90081d000 	C:\WINDOWS\system32\msvcrt.dll
0x00007ff8ffc20000 - 0x00007ff8ffc7b000 	C:\WINDOWS\system32\sechost.dll
0x00007ff8ffa90000 - 0x00007ff8ffbb6000 	C:\WINDOWS\system32\RPCRT4.dll
0x00007ff900180000 - 0x00007ff9002ce000 	C:\WINDOWS\system32\USER32.dll
0x00007ff8ffd50000 - 0x00007ff8ffed6000 	C:\WINDOWS\system32\GDI32.dll
0x00007ff8edc40000 - 0x00007ff8edeb4000 	C:\WINDOWS\WinSxS\amd64_microsoft.windows.common-controls_6595b64144ccf1df_6.0.10240.16384_none_f41f7b285750ef43\COMCTL32.dll
0x00007ff8ff9d0000 - 0x00007ff8ffa06000 	C:\WINDOWS\system32\IMM32.DLL
0x00007ff900880000 - 0x00007ff9009dc000 	C:\WINDOWS\system32\MSCTF.dll
0x00000000715b0000 - 0x0000000071682000 	C:\Program Files\Java\jdk1.8.0_60\jre\bin\msvcr100.dll
0x0000000071a70000 - 0x00000000722f9000 	C:\Program Files\Java\jdk1.8.0_60\jre\bin\server\jvm.dll
0x00007ff8ffd40000 - 0x00007ff8ffd48000 	C:\WINDOWS\system32\PSAPI.DLL
0x00007ff8f0380000 - 0x00007ff8f0389000 	C:\WINDOWS\SYSTEM32\WSOCK32.dll
0x00007ff8ffa20000 - 0x00007ff8ffa89000 	C:\WINDOWS\system32\WS2_32.dll
0x00007ff8ffa10000 - 0x00007ff8ffa18000 	C:\WINDOWS\system32\NSI.dll
0x00007ff8fba30000 - 0x00007ff8fba53000 	C:\WINDOWS\SYSTEM32\WINMM.dll
0x00007ff8f4ff0000 - 0x00007ff8f4ffa000 	C:\WINDOWS\SYSTEM32\VERSION.dll
0x00007ff8fb7b0000 - 0x00007ff8fb7dc000 	C:\WINDOWS\SYSTEM32\WINMMBASE.dll
0x00007ff8fe360000 - 0x00007ff8fe3a4000 	C:\WINDOWS\system32\cfgmgr32.dll
0x00007ff8fbfe0000 - 0x00007ff8fc007000 	C:\WINDOWS\SYSTEM32\DEVOBJ.dll
0x0000000071a60000 - 0x0000000071a6f000 	C:\Program Files\Java\jdk1.8.0_60\jre\bin\verify.dll
0x0000000071a30000 - 0x0000000071a59000 	C:\Program Files\Java\jdk1.8.0_60\jre\bin\java.dll
0x0000000071a10000 - 0x0000000071a26000 	C:\Program Files\Java\jdk1.8.0_60\jre\bin\zip.dll
0x00007ff8fe3b0000 - 0x00007ff8ff918000 	C:\WINDOWS\system32\SHELL32.dll
0x00007ff8fd7b0000 - 0x00007ff8fddd8000 	C:\WINDOWS\system32\windows.storage.dll
0x00007ff8fff00000 - 0x00007ff90017c000 	C:\WINDOWS\system32\combase.dll
0x00007ff8ffbc0000 - 0x00007ff8ffc11000 	C:\WINDOWS\system32\shlwapi.dll
0x00007ff8fd780000 - 0x00007ff8fd78f000 	C:\WINDOWS\system32\kernel.appcore.dll
0x00007ff8fde90000 - 0x00007ff8fdf43000 	C:\WINDOWS\system32\shcore.dll
0x00007ff8fd730000 - 0x00007ff8fd77a000 	C:\WINDOWS\system32\powrprof.dll
0x00007ff8fd710000 - 0x00007ff8fd723000 	C:\WINDOWS\system32\profapi.dll
0x00007ff8ffc80000 - 0x00007ff8ffd3e000 	C:\WINDOWS\system32\OLEAUT32.dll

VM Arguments:
jvm_args: -Djava.awt.headless=true -Xmx1024M -Dfile.encoding=windows-1252 -Duser.country=ES -Duser.language=es -Duser.variant 
java_command: com.android.dx.command.Main --dex --force-jumbo --num-threads=4 --multi-dex --output C:\Users\Jordi\AndroidStudioProjects\Prueba3\app\build\intermediates\transforms\dex\debug\folders\1000\10\instant-run_b9a7e2b1407b36e79f019c7d48922d25e327aa03 C:\Users\Jordi\AndroidStudioProjects\Prueba3\app\build\intermediates\incremental-runtime-classes\debug\instant-run.jar
java_class_path (initial): C:\Users\Jordi\AppData\Local\Android\sdk\build-tools\23.0.2\lib\dx.jar
Launcher Type: SUN_STANDARD

Environment Variables:
JAVA_HOME=C:\Program Files\Java\jdk1.8.0_60
PATH=C:\ProgramData\Oracle\Java\javapath;C:\WINDOWS\system32;C:\WINDOWS;C:\WINDOWS\System32\Wbem;C:\WINDOWS\System32\WindowsPowerShell\v1.0\;C:\Program Files\Java\jdk1.8.0_60\bin;C:\Program Files (x86)\Skype\Phone\
USERNAME=Jordi
OS=Windows_NT
PROCESSOR_IDENTIFIER=Intel64 Family 6 Model 69 Stepping 1, GenuineIntel



---------------  S Y S T E M  ---------------

OS: Windows 10.0 , 64 bit Build 10240 (10.0.10240.16384)

CPU:total 4 (2 cores per cpu, 2 threads per core) family 6 model 69 stepping 1, cmov, cx8, fxsr, mmx, sse, sse2, sse3, ssse3, sse4.1, sse4.2, popcnt, avx, avx2, aes, clmul, erms, lzcnt, ht, tsc, tscinvbit, bmi1, bmi2

Memory: 4k page, physical 4097112k(298428k free), swap 5399756k(4636k free)

vm_info: Java HotSpot(TM) 64-Bit Server VM (25.60-b23) for windows-amd64 JRE (1.8.0_60-b27), built on Aug  4 2015 11:06:27 by "java_re" with MS VC++ 10.0 (VS2010)

time: Fri Jun 17 10:41:47 2016
elapsed time: 15 seconds (0d 0h 0m 15s)

