#
# There is insufficient memory for the Java Runtime Environment to continue.
# Native memory allocation (malloc) failed to allocate 778656 bytes for Chunk::new
# Possible reasons:
#   The system is out of physical RAM or swap space
#   In 32 bit mode, the process size limit was hit
# Possible solutions:
#   Reduce memory load on the system
#   Increase physical memory or swap space
#   Check if swap backing store is full
#   Use 64 bit Java on a 64 bit OS
#   Decrease Java heap size (-Xmx/-Xms)
#   Decrease number of Java threads
#   Decrease Java thread stack sizes (-Xss)
#   Set larger code cache with -XX:ReservedCodeCacheSize=
# This output file may be truncated or incomplete.
#
#  Out of Memory Error (allocation.cpp:390), pid=4112, tid=5592
#
# JRE version: Java(TM) SE Runtime Environment (8.0_60-b27) (build 1.8.0_60-b27)
# Java VM: Java HotSpot(TM) 64-Bit Server VM (25.60-b23 mixed mode windows-amd64 compressed oops)
# Failed to write core dump. Minidumps are not enabled by default on client versions of Windows
#

---------------  T H R E A D  ---------------

Current thread (0x00000000147c0000):  JavaThread "C2 CompilerThread1" daemon [_thread_in_native, id=5592, stack(0x0000000015f30000,0x0000000016030000)]

Stack: [0x0000000015f30000,0x0000000016030000]
[error occurred during error reporting (printing stack bounds), id 0xc0000005]

Native frames: (J=compiled Java code, j=interpreted, Vv=VM code, C=native code)


Current CompileTask:
C2:   4042 1262       4       com.android.dx.ssa.SCCP::simulateStmt (481 bytes)


---------------  P R O C E S S  ---------------

Java Threads: ( => current thread )
  0x00000000163be000 JavaThread "pool-2-thread-4" [_thread_blocked, id=2872, stack(0x0000000016b30000,0x0000000016c30000)]
  0x00000000163bd000 JavaThread "pool-2-thread-3" [_thread_blocked, id=7876, stack(0x0000000016a30000,0x0000000016b30000)]
  0x00000000163bc000 JavaThread "pool-2-thread-2" [_thread_in_vm, id=6520, stack(0x0000000016930000,0x0000000016a30000)]
  0x00000000163b9000 JavaThread "pool-3-thread-1" [_thread_blocked, id=4720, stack(0x0000000016830000,0x0000000016930000)]
  0x00000000163a7000 JavaThread "pool-2-thread-1" [_thread_blocked, id=1900, stack(0x0000000016730000,0x0000000016830000)]
  0x0000000016134800 JavaThread "Service Thread" daemon [_thread_blocked, id=5440, stack(0x0000000016530000,0x0000000016630000)]
  0x00000000147c2800 JavaThread "C1 CompilerThread2" daemon [_thread_in_native, id=6064, stack(0x0000000016030000,0x0000000016130000)]
=>0x00000000147c0000 JavaThread "C2 CompilerThread1" daemon [_thread_in_native, id=5592, stack(0x0000000015f30000,0x0000000016030000)]
  0x00000000147b9000 JavaThread "C2 CompilerThread0" daemon [_thread_in_native, id=3128, stack(0x0000000015e30000,0x0000000015f30000)]
  0x00000000147b7000 JavaThread "Attach Listener" daemon [_thread_blocked, id=1844, stack(0x0000000015d30000,0x0000000015e30000)]
  0x00000000147b5800 JavaThread "Signal Dispatcher" daemon [_thread_blocked, id=7520, stack(0x0000000015c30000,0x0000000015d30000)]
  0x00000000020e1000 JavaThread "Finalizer" daemon [_thread_blocked, id=4724, stack(0x0000000015a30000,0x0000000015b30000)]
  0x0000000014788800 JavaThread "Reference Handler" daemon [_thread_blocked, id=3324, stack(0x0000000015930000,0x0000000015a30000)]
  0x0000000001ff0800 JavaThread "main" [_thread_in_vm, id=6052, stack(0x0000000001ef0000,0x0000000001ff0000)]

Other Threads:
  0x0000000014787000 VMThread [stack: 0x0000000015830000,0x0000000015930000] [id=5512]
  0x0000000016139800 WatcherThread [stack: 0x0000000016630000,0x0000000016730000] [id=7364]

VM state:not at safepoint (normal execution)

VM Mutex/Monitor currently owned by a thread: None

Heap:
 PSYoungGen      total 18944K, used 18934K [0x00000000eab00000, 0x00000000ed000000, 0x0000000100000000)
  eden space 16384K, 100% used [0x00000000eab00000,0x00000000ebb00000,0x00000000ebb00000)
  from space 2560K, 99% used [0x00000000ebb00000,0x00000000ebd7d960,0x00000000ebd80000)
  to   space 2560K, 0% used [0x00000000ecd80000,0x00000000ecd80000,0x00000000ed000000)
 ParOldGen       total 44032K, used 1123K [0x00000000c0000000, 0x00000000c2b00000, 0x00000000eab00000)
  object space 44032K, 2% used [0x00000000c0000000,0x00000000c0118f10,0x00000000c2b00000)
 Metaspace       used 6071K, capacity 6960K, committed 7040K, reserved 1056768K
  class space    used 602K, capacity 616K, committed 640K, reserved 1048576K

Card table byte_map: [0x00000000114b0000,0x00000000116c0000] byte_map_base: 0x0000000010eb0000

Marking Bits: (ParMarkBitMap*) 0x000000007227a5b0
 Begin Bits: [0x0000000011c20000, 0x0000000012c20000)
 End Bits:   [0x0000000012c20000, 0x0000000013c20000)

Polling page: 0x0000000001df0000

CodeCache: size=245760Kb used=5267Kb max_used=5267Kb free=240492Kb
 bounds [0x00000000020f0000, 0x0000000002620000, 0x00000000110f0000]
 total_blobs=1557 nmethods=1288 adapters=182
 compilation: enabled

Compilation events (10 events):
Event: 4.021 Thread 0x00000000147c2800 1294   !   3       com.android.dx.cf.attrib.AttLineNumberTable::<init> (43 bytes)
Event: 4.021 Thread 0x00000000147c2800 nmethod 1294 0x0000000002607710 code [0x00000000026078c0, 0x0000000002607db8]
Event: 4.022 Thread 0x00000000147c2800 1295   !   3       com.android.dx.cf.attrib.AttCode::<init> (144 bytes)
Event: 4.023 Thread 0x00000000147c2800 nmethod 1295 0x0000000002608050 code [0x0000000002608280, 0x0000000002608d28]
Event: 4.023 Thread 0x00000000147c2800 1296       3       com.android.dx.cf.attrib.AttCode::byteLength (29 bytes)
Event: 4.024 Thread 0x00000000147c2800 nmethod 1296 0x0000000002609390 code [0x0000000002609560, 0x0000000002609fd8]
Event: 4.025 Thread 0x00000000147c2800 1297       3       com.android.dx.cf.attrib.AttLocalVariableTable::<init> (8 bytes)
Event: 4.025 Thread 0x00000000147c2800 nmethod 1297 0x000000000260a450 code [0x000000000260a5c0, 0x000000000260a768]
Event: 4.026 Thread 0x00000000147c2800 1298       3       com.android.dx.cf.direct.StdAttributeFactory::code (613 bytes)
Event: 4.038 Thread 0x00000000147c2800 nmethod 1298 0x000000000260a810 code [0x000000000260b180, 0x0000000002611d98]

GC Heap History (2 events):
Event: 1.478 GC heap before
{Heap before GC invocations=1 (full 0):
 PSYoungGen      total 18944K, used 16384K [0x00000000eab00000, 0x00000000ec000000, 0x0000000100000000)
  eden space 16384K, 100% used [0x00000000eab00000,0x00000000ebb00000,0x00000000ebb00000)
  from space 2560K, 0% used [0x00000000ebd80000,0x00000000ebd80000,0x00000000ec000000)
  to   space 2560K, 0% used [0x00000000ebb00000,0x00000000ebb00000,0x00000000ebd80000)
 ParOldGen       total 44032K, used 0K [0x00000000c0000000, 0x00000000c2b00000, 0x00000000eab00000)
  object space 44032K, 0% used [0x00000000c0000000,0x00000000c0000000,0x00000000c2b00000)
 Metaspace       used 5520K, capacity 6512K, committed 6784K, reserved 1056768K
  class space    used 597K, capacity 616K, committed 640K, reserved 1048576K
Event: 1.497 GC heap after
Heap after GC invocations=1 (full 0):
 PSYoungGen      total 18944K, used 2550K [0x00000000eab00000, 0x00000000ed000000, 0x0000000100000000)
  eden space 16384K, 0% used [0x00000000eab00000,0x00000000eab00000,0x00000000ebb00000)
  from space 2560K, 99% used [0x00000000ebb00000,0x00000000ebd7d960,0x00000000ebd80000)
  to   space 2560K, 0% used [0x00000000ecd80000,0x00000000ecd80000,0x00000000ed000000)
 ParOldGen       total 44032K, used 1123K [0x00000000c0000000, 0x00000000c2b00000, 0x00000000eab00000)
  object space 44032K, 2% used [0x00000000c0000000,0x00000000c0118f10,0x00000000c2b00000)
 Metaspace       used 5520K, capacity 6512K, committed 6784K, reserved 1056768K
  class space    used 597K, capacity 616K, committed 640K, reserved 1048576K
}

Deoptimization events (4 events):
Event: 0.496 Thread 0x0000000001ff0800 Uncommon trap: reason=unstable_if action=reinterpret pc=0x0000000002243fd4 method=java.lang.String.compareTo(Ljava/lang/String;)I @ 38
Event: 2.391 Thread 0x0000000001ff0800 Uncommon trap: reason=unstable_if action=reinterpret pc=0x00000000023a0ec4 method=com.android.dx.rop.code.RegisterSpec.equals(ILcom/android/dx/rop/type/TypeBearer;Lcom/android/dx/rop/code/LocalItem;)Z @ 42
Event: 3.871 Thread 0x00000000163be000 Uncommon trap: reason=unstable_if action=reinterpret pc=0x0000000002402e2c method=com.android.dx.rop.code.RegisterSpecSet.put(Lcom/android/dx/rop/code/RegisterSpec;)V @ 77
Event: 3.871 Thread 0x00000000163be000 Uncommon trap: reason=unstable_if action=reinterpret pc=0x00000000024a48ec method=com.android.dx.rop.code.RegisterSpecSet.put(Lcom/android/dx/rop/code/RegisterSpec;)V @ 77

Internal exceptions (2 events):
Event: 0.114 Thread 0x0000000001ff0800 Exception <a 'java/lang/NoSuchMethodError': Method sun.misc.Unsafe.defineClass(Ljava/lang/String;[BII)Ljava/lang/Class; name or signature does not match> (0x00000000eab0d310) thrown at [C:\re\workspace\8-2-build-windows-amd64-cygwin\jdk8u60\4407\hotspot\srÝÖñ$½?
Event: 0.114 Thread 0x0000000001ff0800 Exception <a 'java/lang/NoSuchMethodError': Method sun.misc.Unsafe.prefetchRead(Ljava/lang/Object;J)V name or signature does not match> (0x00000000eab0d5f8) thrown at [C:\re\workspace\8-2-build-windows-amd64-cygwin\jdk8u60\4407\hotspot\src\share\vm\prims\j

Events (10 events):
Event: 2.391 Thread 0x0000000001ff0800 DEOPT PACKING pc=0x00000000023a0ec4 sp=0x0000000001fee2b0
Event: 2.391 Thread 0x0000000001ff0800 DEOPT UNPACKING pc=0x000000000213582a sp=0x0000000001fee238 mode 2
Event: 3.871 Thread 0x00000000163be000 Uncommon trap: trap_request=0xffffff65 fr.pc=0x0000000002402e2c
Event: 3.871 Thread 0x00000000163be000 DEOPT PACKING pc=0x0000000002402e2c sp=0x0000000016c2e8a0
Event: 3.871 Thread 0x00000000163be000 DEOPT UNPACKING pc=0x000000000213582a sp=0x0000000016c2e828 mode 2
Event: 3.871 Thread 0x00000000163be000 Uncommon trap: trap_request=0xffffff65 fr.pc=0x00000000024a48ec
Event: 3.871 Thread 0x00000000163be000 DEOPT PACKING pc=0x00000000024a48ec sp=0x0000000016c2e890
Event: 3.871 Thread 0x00000000163be000 DEOPT UNPACKING pc=0x000000000213582a sp=0x0000000016c2e7b0 mode 2
Event: 3.876 loading class com/android/dx/dex/file/FieldAnnotationStruct
Event: 3.876 loading class com/android/dx/dex/file/FieldAnnotationStruct done


Dynamic libraries:
0x00007ff6567f0000 - 0x00007ff656827000 	C:\Program Files\Java\jdk1.8.0_60\bin\java.exe
0x00007ff900d20000 - 0x00007ff900ee2000 	C:\WINDOWS\SYSTEM32\ntdll.dll
0x00007ff9002d0000 - 0x00007ff90037d000 	C:\WINDOWS\system32\KERNEL32.DLL
0x00007ff8fe180000 - 0x00007ff8fe35d000 	C:\WINDOWS\system32\KERNELBASE.dll
0x00007ff900c00000 - 0x00007ff900ca6000 	C:\WINDOWS\system32\ADVAPI32.dll
0x00007ff900780000 - 0x00007ff90081d000 	C:\WINDOWS\system32\msvcrt.dll
0x00007ff8ffc20000 - 0x00007ff8ffc7b000 	C:\WINDOWS\system32\sechost.dll
0x00007ff8ffa90000 - 0x00007ff8ffbb6000 	C:\WINDOWS\system32\RPCRT4.dll
0x00007ff900180000 - 0x00007ff9002ce000 	C:\WINDOWS\system32\USER32.dll
0x00007ff8ffd50000 - 0x00007ff8ffed6000 	C:\WINDOWS\system32\GDI32.dll
0x00007ff8edc40000 - 0x00007ff8edeb4000 	C:\WINDOWS\WinSxS\amd64_microsoft.windows.common-controls_6595b64144ccf1df_6.0.10240.16384_none_f41f7b285750ef43\COMCTL32.dll
0x00007ff8ff9d0000 - 0x00007ff8ffa06000 	C:\WINDOWS\system32\IMM32.DLL
0x00007ff900880000 - 0x00007ff9009dc000 	C:\WINDOWS\system32\MSCTF.dll
0x00000000715b0000 - 0x0000000071682000 	C:\Program Files\Java\jdk1.8.0_60\jre\bin\msvcr100.dll
0x0000000071a70000 - 0x00000000722f9000 	C:\Program Files\Java\jdk1.8.0_60\jre\bin\server\jvm.dll
0x00007ff8ffd40000 - 0x00007ff8ffd48000 	C:\WINDOWS\system32\PSAPI.DLL
0x00007ff8f0380000 - 0x00007ff8f0389000 	C:\WINDOWS\SYSTEM32\WSOCK32.dll
0x00007ff8ffa20000 - 0x00007ff8ffa89000 	C:\WINDOWS\system32\WS2_32.dll
0x00007ff8ffa10000 - 0x00007ff8ffa18000 	C:\WINDOWS\system32\NSI.dll
0x00007ff8fba30000 - 0x00007ff8fba53000 	C:\WINDOWS\SYSTEM32\WINMM.dll
0x00007ff8f4ff0000 - 0x00007ff8f4ffa000 	C:\WINDOWS\SYSTEM32\VERSION.dll
0x00007ff8fb7b0000 - 0x00007ff8fb7dc000 	C:\WINDOWS\SYSTEM32\WINMMBASE.dll
0x00007ff8fe360000 - 0x00007ff8fe3a4000 	C:\WINDOWS\system32\cfgmgr32.dll
0x00007ff8fbfe0000 - 0x00007ff8fc007000 	C:\WINDOWS\SYSTEM32\DEVOBJ.dll
0x0000000071a60000 - 0x0000000071a6f000 	C:\Program Files\Java\jdk1.8.0_60\jre\bin\verify.dll
0x0000000071a30000 - 0x0000000071a59000 	C:\Program Files\Java\jdk1.8.0_60\jre\bin\java.dll
0x0000000071a10000 - 0x0000000071a26000 	C:\Program Files\Java\jdk1.8.0_60\jre\bin\zip.dll
0x00007ff8fe3b0000 - 0x00007ff8ff918000 	C:\WINDOWS\system32\SHELL32.dll
0x00007ff8fd7b0000 - 0x00007ff8fddd8000 	C:\WINDOWS\system32\windows.storage.dll
0x00007ff8fff00000 - 0x00007ff90017c000 	C:\WINDOWS\system32\combase.dll
0x00007ff8ffbc0000 - 0x00007ff8ffc11000 	C:\WINDOWS\system32\shlwapi.dll
0x00007ff8fd780000 - 0x00007ff8fd78f000 	C:\WINDOWS\system32\kernel.appcore.dll
0x00007ff8fde90000 - 0x00007ff8fdf43000 	C:\WINDOWS\system32\shcore.dll
0x00007ff8fd730000 - 0x00007ff8fd77a000 	C:\WINDOWS\system32\powrprof.dll
0x00007ff8fd710000 - 0x00007ff8fd723000 	C:\WINDOWS\system32\profapi.dll
0x00007ff8ffc80000 - 0x00007ff8ffd3e000 	C:\WINDOWS\system32\OLEAUT32.dll

VM Arguments:
jvm_args: -Djava.awt.headless=true -Xmx1024M -Dfile.encoding=windows-1252 -Duser.country=ES -Duser.language=es -Duser.variant 
java_command: com.android.dx.command.Main --dex --force-jumbo --num-threads=4 --multi-dex --output C:\Users\Jordi\AndroidStudioProjects\Prueba3\app\build\intermediates\transforms\dex\debug\folders\1000\10\com.android.support-appcompat-v7-23.3.0_2c61ad52849ecfbfbb54fe1eb68429c046405c3b C:\Users\Jordi\AndroidStudioProjects\Prueba3\app\build\intermediates\exploded-aar\com.android.support\appcompat-v7\23.3.0\jars\classes.jar
java_class_path (initial): C:\Users\Jordi\AppData\Local\Android\sdk\build-tools\23.0.2\lib\dx.jar
Launcher Type: SUN_STANDARD

Environment Variables:
JAVA_HOME=C:\Program Files\Java\jdk1.8.0_60
PATH=C:\ProgramData\Oracle\Java\javapath;C:\WINDOWS\system32;C:\WINDOWS;C:\WINDOWS\System32\Wbem;C:\WINDOWS\System32\WindowsPowerShell\v1.0\;C:\Program Files\Java\jdk1.8.0_60\bin;C:\Program Files (x86)\Skype\Phone\
USERNAME=Jordi
OS=Windows_NT
PROCESSOR_IDENTIFIER=Intel64 Family 6 Model 69 Stepping 1, GenuineIntel



---------------  S Y S T E M  ---------------

OS: Windows 10.0 , 64 bit Build 10240 (10.0.10240.16384)

CPU:total 4 (2 cores per cpu, 2 threads per core) family 6 model 69 stepping 1, cmov, cx8, fxsr, mmx, sse, sse2, sse3, ssse3, sse4.1, sse4.2, popcnt, avx, avx2, aes, clmul, erms, lzcnt, ht, tsc, tscinvbit, bmi1, bmi2

Memory: 4k page, physical 4097112k(575848k free), swap 5399756k(4320k free)

vm_info: Java HotSpot(TM) 64-Bit Server VM (25.60-b23) for windows-amd64 JRE (1.8.0_60-b27), built on Aug  4 2015 11:06:27 by "java_re" with MS VC++ 10.0 (VS2010)

time: Fri Jun 17 10:42:12 2016
elapsed time: 4 seconds (0d 0h 0m 4s)

