#
# There is insufficient memory for the Java Runtime Environment to continue.
# Native memory allocation (malloc) failed to allocate 596576 bytes for Chunk::new
# Possible reasons:
#   The system is out of physical RAM or swap space
#   In 32 bit mode, the process size limit was hit
# Possible solutions:
#   Reduce memory load on the system
#   Increase physical memory or swap space
#   Check if swap backing store is full
#   Use 64 bit Java on a 64 bit OS
#   Decrease Java heap size (-Xmx/-Xms)
#   Decrease number of Java threads
#   Decrease Java thread stack sizes (-Xss)
#   Set larger code cache with -XX:ReservedCodeCacheSize=
# This output file may be truncated or incomplete.
#
#  Out of Memory Error (allocation.cpp:390), pid=3248, tid=6000
#
# JRE version: Java(TM) SE Runtime Environment (8.0_60-b27) (build 1.8.0_60-b27)
# Java VM: Java HotSpot(TM) 64-Bit Server VM (25.60-b23 mixed mode windows-amd64 compressed oops)
# Failed to write core dump. Minidumps are not enabled by default on client versions of Windows
#

---------------  T H R E A D  ---------------

Current thread (0x0000000014ab9000):  JavaThread "C2 CompilerThread0" daemon [_thread_in_native, id=6000, stack(0x0000000016110000,0x0000000016210000)]

Stack: [0x0000000016110000,0x0000000016210000]
[error occurred during error reporting (printing stack bounds), id 0xc0000005]

Native frames: (J=compiled Java code, j=interpreted, Vv=VM code, C=native code)


Current CompileTask:
C2:   4105 1279       4       com.android.dx.ssa.back.FirstFitLocalCombiningAllocator$1::processInsn (169 bytes)


---------------  P R O C E S S  ---------------

Java Threads: ( => current thread )
  0x0000000016562000 JavaThread "pool-2-thread-2" [_thread_in_Java, id=6692, stack(0x0000000016c10000,0x0000000016d10000)]
  0x000000001655b000 JavaThread "pool-3-thread-1" [_thread_blocked, id=484, stack(0x0000000016b10000,0x0000000016c10000)]
  0x0000000016425800 JavaThread "Service Thread" daemon [_thread_blocked, id=3968, stack(0x0000000016810000,0x0000000016910000)]
  0x0000000014b10800 JavaThread "C1 CompilerThread2" daemon [_thread_blocked, id=356, stack(0x0000000016310000,0x0000000016410000)]
  0x0000000014abf800 JavaThread "C2 CompilerThread1" daemon [_thread_blocked, id=776, stack(0x0000000016210000,0x0000000016310000)]
=>0x0000000014ab9000 JavaThread "C2 CompilerThread0" daemon [_thread_in_native, id=6000, stack(0x0000000016110000,0x0000000016210000)]
  0x0000000014ab7000 JavaThread "Attach Listener" daemon [_thread_blocked, id=1132, stack(0x0000000016010000,0x0000000016110000)]
  0x0000000014ab5800 JavaThread "Signal Dispatcher" daemon [_thread_blocked, id=4004, stack(0x0000000015f10000,0x0000000016010000)]
  0x00000000023e1800 JavaThread "Finalizer" daemon [_thread_blocked, id=428, stack(0x0000000015d10000,0x0000000015e10000)]
  0x00000000023de800 JavaThread "Reference Handler" daemon [_thread_blocked, id=7120, stack(0x0000000015c10000,0x0000000015d10000)]
  0x00000000022f0800 JavaThread "main" [_thread_blocked, id=616, stack(0x00000000021f0000,0x00000000022f0000)]

Other Threads:
  0x0000000014a87000 VMThread [stack: 0x0000000015b10000,0x0000000015c10000] [id=4400]
  0x0000000016430800 WatcherThread [stack: 0x0000000016910000,0x0000000016a10000] [id=7592]

VM state:not at safepoint (normal execution)

VM Mutex/Monitor currently owned by a thread: None

Heap:
 PSYoungGen      total 18944K, used 6628K [0x00000000eab00000, 0x00000000ec000000, 0x0000000100000000)
  eden space 16384K, 24% used [0x00000000eab00000,0x00000000eaefd210,0x00000000ebb00000)
  from space 2560K, 99% used [0x00000000ebd80000,0x00000000ebffc038,0x00000000ec000000)
  to   space 2560K, 0% used [0x00000000ebb00000,0x00000000ebb00000,0x00000000ebd80000)
 ParOldGen       total 44032K, used 4166K [0x00000000c0000000, 0x00000000c2b00000, 0x00000000eab00000)
  object space 44032K, 9% used [0x00000000c0000000,0x00000000c0411b30,0x00000000c2b00000)
 Metaspace       used 6032K, capacity 6962K, committed 7040K, reserved 1056768K
  class space    used 603K, capacity 618K, committed 640K, reserved 1048576K

Card table byte_map: [0x00000000117b0000,0x00000000119c0000] byte_map_base: 0x00000000111b0000

Marking Bits: (ParMarkBitMap*) 0x000000007227a5b0
 Begin Bits: [0x0000000011f20000, 0x0000000012f20000)
 End Bits:   [0x0000000012f20000, 0x0000000013f20000)

Polling page: 0x00000000009a0000

CodeCache: size=245760Kb used=5346Kb max_used=5359Kb free=240413Kb
 bounds [0x00000000023f0000, 0x0000000002940000, 0x00000000113f0000]
 total_blobs=1548 nmethods=1279 adapters=182
 compilation: enabled

Compilation events (10 events):
Event: 4.058 Thread 0x0000000014b10800 nmethod 1277 0x000000000291e350 code [0x000000000291e5e0, 0x000000000291f7c8]
Event: 4.058 Thread 0x0000000014b10800 1278       3       com.android.dx.cf.code.ConcreteMethod::getMaxLocals (8 bytes)
Event: 4.059 Thread 0x0000000014b10800 nmethod 1278 0x000000000290da10 code [0x000000000290db60, 0x000000000290dd50]
Event: 4.059 Thread 0x0000000014ab9000 nmethod 1272 0x00000000029142d0 code [0x0000000002914440, 0x0000000002914868]
Event: 4.059 Thread 0x0000000014ab9000 1273       4       com.android.dx.rop.cst.CstMemberRef::compareTo0 (49 bytes)
Event: 4.060 Thread 0x0000000014b10800 1280       3       com.android.dx.dex.cf.AttributeTranslator::getExceptions (32 bytes)
Event: 4.061 Thread 0x0000000014b10800 nmethod 1280 0x000000000291dbd0 code [0x000000000291dd60, 0x000000000291e1b8]
Event: 4.063 Thread 0x0000000014ab9000 nmethod 1273 0x000000000291d210 code [0x000000000291d360, 0x000000000291d718]
Event: 4.064 Thread 0x0000000014ab9000 1279       4       com.android.dx.ssa.back.FirstFitLocalCombiningAllocator$1::processInsn (169 bytes)
Event: 4.067 Thread 0x0000000014abf800 nmethod 1271 0x0000000002916910 code [0x0000000002916a80, 0x0000000002917098]

GC Heap History (4 events):
Event: 2.435 GC heap before
{Heap before GC invocations=1 (full 0):
 PSYoungGen      total 18944K, used 16384K [0x00000000eab00000, 0x00000000ec000000, 0x0000000100000000)
  eden space 16384K, 100% used [0x00000000eab00000,0x00000000ebb00000,0x00000000ebb00000)
  from space 2560K, 0% used [0x00000000ebd80000,0x00000000ebd80000,0x00000000ec000000)
  to   space 2560K, 0% used [0x00000000ebb00000,0x00000000ebb00000,0x00000000ebd80000)
 ParOldGen       total 44032K, used 0K [0x00000000c0000000, 0x00000000c2b00000, 0x00000000eab00000)
  object space 44032K, 0% used [0x00000000c0000000,0x00000000c0000000,0x00000000c2b00000)
 Metaspace       used 5827K, capacity 6832K, committed 7040K, reserved 1056768K
  class space    used 599K, capacity 616K, committed 640K, reserved 1048576K
Event: 2.446 GC heap after
Heap after GC invocations=1 (full 0):
 PSYoungGen      total 18944K, used 2551K [0x00000000eab00000, 0x00000000ec000000, 0x0000000100000000)
  eden space 16384K, 0% used [0x00000000eab00000,0x00000000eab00000,0x00000000ebb00000)
  from space 2560K, 99% used [0x00000000ebb00000,0x00000000ebd7dc78,0x00000000ebd80000)
  to   space 2560K, 0% used [0x00000000ebd80000,0x00000000ebd80000,0x00000000ec000000)
 ParOldGen       total 44032K, used 2012K [0x00000000c0000000, 0x00000000c2b00000, 0x00000000eab00000)
  object space 44032K, 4% used [0x00000000c0000000,0x00000000c01f70f8,0x00000000c2b00000)
 Metaspace       used 5827K, capacity 6832K, committed 7040K, reserved 1056768K
  class space    used 599K, capacity 616K, committed 640K, reserved 1048576K
}
Event: 3.403 GC heap before
{Heap before GC invocations=2 (full 0):
 PSYoungGen      total 18944K, used 18935K [0x00000000eab00000, 0x00000000ec000000, 0x0000000100000000)
  eden space 16384K, 100% used [0x00000000eab00000,0x00000000ebb00000,0x00000000ebb00000)
  from space 2560K, 99% used [0x00000000ebb00000,0x00000000ebd7dc78,0x00000000ebd80000)
  to   space 2560K, 0% used [0x00000000ebd80000,0x00000000ebd80000,0x00000000ec000000)
 ParOldGen       total 44032K, used 2012K [0x00000000c0000000, 0x00000000c2b00000, 0x00000000eab00000)
  object space 44032K, 4% used [0x00000000c0000000,0x00000000c01f70f8,0x00000000c2b00000)
 Metaspace       used 6020K, capacity 6962K, committed 7040K, reserved 1056768K
  class space    used 603K, capacity 618K, committed 640K, reserved 1048576K
Event: 3.567 GC heap after
Heap after GC invocations=2 (full 0):
 PSYoungGen      total 18944K, used 2544K [0x00000000eab00000, 0x00000000ec000000, 0x0000000100000000)
  eden space 16384K, 0% used [0x00000000eab00000,0x00000000eab00000,0x00000000ebb00000)
  from space 2560K, 99% used [0x00000000ebd80000,0x00000000ebffc038,0x00000000ec000000)
  to   space 2560K, 0% used [0x00000000ebb00000,0x00000000ebb00000,0x00000000ebd80000)
 ParOldGen       total 44032K, used 4166K [0x00000000c0000000, 0x00000000c2b00000, 0x00000000eab00000)
  object space 44032K, 9% used [0x00000000c0000000,0x00000000c0411b30,0x00000000c2b00000)
 Metaspace       used 6020K, capacity 6962K, committed 7040K, reserved 1056768K
  class space    used 603K, capacity 618K, committed 640K, reserved 1048576K
}

Deoptimization events (10 events):
Event: 3.284 Thread 0x000000001665d000 Uncommon trap: reason=bimorphic action=maybe_recompile pc=0x00000000028bce04 method=com.android.dx.cf.code.BytecodeArray.parseInstruction(ILcom/android/dx/cf/code/BytecodeArray$Visitor;)I @ 1035
Event: 3.284 Thread 0x000000001665d000 Uncommon trap: reason=bimorphic action=maybe_recompile pc=0x00000000028bce84 method=com.android.dx.cf.code.BytecodeArray.parseInstruction(ILcom/android/dx/cf/code/BytecodeArray$Visitor;)I @ 1051
Event: 3.284 Thread 0x000000001665d000 Uncommon trap: reason=bimorphic action=maybe_recompile pc=0x00000000028bce84 method=com.android.dx.cf.code.BytecodeArray.parseInstruction(ILcom/android/dx/cf/code/BytecodeArray$Visitor;)I @ 1051
Event: 3.284 Thread 0x000000001665d000 Uncommon trap: reason=bimorphic action=maybe_recompile pc=0x00000000028bce04 method=com.android.dx.cf.code.BytecodeArray.parseInstruction(ILcom/android/dx/cf/code/BytecodeArray$Visitor;)I @ 1035
Event: 3.319 Thread 0x0000000016553000 Uncommon trap: reason=unstable_if action=reinterpret pc=0x000000000274c1ec method=com.android.dx.rop.code.RegisterSpecSet.put(Lcom/android/dx/rop/code/RegisterSpec;)V @ 77
Event: 3.319 Thread 0x0000000016553000 Uncommon trap: reason=unstable_if action=reinterpret pc=0x000000000278246c method=com.android.dx.rop.code.RegisterSpecSet.put(Lcom/android/dx/rop/code/RegisterSpec;)V @ 77
Event: 3.323 Thread 0x0000000016553000 Uncommon trap: reason=bimorphic action=maybe_recompile pc=0x0000000002668e9c method=java.util.HashMap.getNode(ILjava/lang/Object;)Ljava/util/HashMap$Node; @ 126
Event: 3.323 Thread 0x0000000016553000 Uncommon trap: reason=class_check action=maybe_recompile pc=0x0000000002894d40 method=java.util.HashMap.putVal(ILjava/lang/Object;Ljava/lang/Object;ZZ)Ljava/lang/Object; @ 203
Event: 3.591 Thread 0x0000000016562000 Uncommon trap: reason=bimorphic action=maybe_recompile pc=0x0000000002668e9c method=java.util.HashMap.getNode(ILjava/lang/Object;)Ljava/util/HashMap$Node; @ 126
Event: 3.591 Thread 0x0000000016562000 Uncommon trap: reason=class_check action=maybe_recompile pc=0x0000000002894d40 method=java.util.HashMap.putVal(ILjava/lang/Object;Ljava/lang/Object;ZZ)Ljava/lang/Object; @ 203

Internal exceptions (3 events):
Event: 0.159 Thread 0x00000000022f0800 Exception <a 'java/lang/NoSuchMethodError': Method sun.misc.Unsafe.defineClass(Ljava/lang/String;[BII)Ljava/lang/Class; name or signature does not match> (0x00000000eab0d338) thrown at [C:\re\workspace\8-2-build-windows-amd64-cygwin\jdk8u60\4407\hotspot\sre¿T¦œmÄ?
Event: 0.160 Thread 0x00000000022f0800 Exception <a 'java/lang/NoSuchMethodError': Method sun.misc.Unsafe.prefetchRead(Ljava/lang/Object;J)V name or signature does not match> (0x00000000eab0d620) thrown at [C:\re\workspace\8-2-build-windows-amd64-cygwin\jdk8u60\4407\hotspot\src\share\vm\prims\j&AáœÓú@
Event: 2.747 Thread 0x000000001665d000 Implicit null exception at 0x0000000002749c22 to 0x0000000002749d1a

Events (10 events):
Event: 3.378 Executing VM operation: ParallelGCFailedAllocation
Event: 3.567 Executing VM operation: ParallelGCFailedAllocation done
Event: 3.573 Thread 0x0000000016661000 Thread exited: 0x0000000016661000
Event: 3.591 Thread 0x0000000016562000 Uncommon trap: trap_request=0xffffffc6 fr.pc=0x0000000002668e9c
Event: 3.591 Thread 0x0000000016562000 DEOPT PACKING pc=0x0000000002668e9c sp=0x0000000016d0e730
Event: 3.591 Thread 0x0000000016562000 DEOPT UNPACKING pc=0x000000000243582a sp=0x0000000016d0e6b0 mode 2
Event: 3.591 Thread 0x0000000016562000 Uncommon trap: trap_request=0xffffffde fr.pc=0x0000000002894d40
Event: 3.591 Thread 0x0000000016562000 DEOPT PACKING pc=0x0000000002894d40 sp=0x0000000016d0e700
Event: 3.591 Thread 0x0000000016562000 DEOPT UNPACKING pc=0x000000000243582a sp=0x0000000016d0e688 mode 2
Event: 3.616 Thread 0x0000000016553000 Thread exited: 0x0000000016553000


Dynamic libraries:
0x00007ff6567f0000 - 0x00007ff656827000 	C:\Program Files\Java\jdk1.8.0_60\bin\java.exe
0x00007ff900d20000 - 0x00007ff900ee2000 	C:\WINDOWS\SYSTEM32\ntdll.dll
0x00007ff9002d0000 - 0x00007ff90037d000 	C:\WINDOWS\system32\KERNEL32.DLL
0x00007ff8fe180000 - 0x00007ff8fe35d000 	C:\WINDOWS\system32\KERNELBASE.dll
0x00007ff900c00000 - 0x00007ff900ca6000 	C:\WINDOWS\system32\ADVAPI32.dll
0x00007ff900780000 - 0x00007ff90081d000 	C:\WINDOWS\system32\msvcrt.dll
0x00007ff8ffc20000 - 0x00007ff8ffc7b000 	C:\WINDOWS\system32\sechost.dll
0x00007ff8ffa90000 - 0x00007ff8ffbb6000 	C:\WINDOWS\system32\RPCRT4.dll
0x00007ff900180000 - 0x00007ff9002ce000 	C:\WINDOWS\system32\USER32.dll
0x00007ff8ffd50000 - 0x00007ff8ffed6000 	C:\WINDOWS\system32\GDI32.dll
0x00007ff8edc40000 - 0x00007ff8edeb4000 	C:\WINDOWS\WinSxS\amd64_microsoft.windows.common-controls_6595b64144ccf1df_6.0.10240.16384_none_f41f7b285750ef43\COMCTL32.dll
0x00007ff8ff9d0000 - 0x00007ff8ffa06000 	C:\WINDOWS\system32\IMM32.DLL
0x00007ff900880000 - 0x00007ff9009dc000 	C:\WINDOWS\system32\MSCTF.dll
0x00000000715b0000 - 0x0000000071682000 	C:\Program Files\Java\jdk1.8.0_60\jre\bin\msvcr100.dll
0x0000000071a70000 - 0x00000000722f9000 	C:\Program Files\Java\jdk1.8.0_60\jre\bin\server\jvm.dll
0x00007ff8ffd40000 - 0x00007ff8ffd48000 	C:\WINDOWS\system32\PSAPI.DLL
0x00007ff8f0380000 - 0x00007ff8f0389000 	C:\WINDOWS\SYSTEM32\WSOCK32.dll
0x00007ff8ffa20000 - 0x00007ff8ffa89000 	C:\WINDOWS\system32\WS2_32.dll
0x00007ff8ffa10000 - 0x00007ff8ffa18000 	C:\WINDOWS\system32\NSI.dll
0x00007ff8fba30000 - 0x00007ff8fba53000 	C:\WINDOWS\SYSTEM32\WINMM.dll
0x00007ff8f4ff0000 - 0x00007ff8f4ffa000 	C:\WINDOWS\SYSTEM32\VERSION.dll
0x00007ff8fb7b0000 - 0x00007ff8fb7dc000 	C:\WINDOWS\SYSTEM32\WINMMBASE.dll
0x00007ff8fe360000 - 0x00007ff8fe3a4000 	C:\WINDOWS\system32\cfgmgr32.dll
0x00007ff8fbfe0000 - 0x00007ff8fc007000 	C:\WINDOWS\SYSTEM32\DEVOBJ.dll
0x0000000071a60000 - 0x0000000071a6f000 	C:\Program Files\Java\jdk1.8.0_60\jre\bin\verify.dll
0x0000000071a30000 - 0x0000000071a59000 	C:\Program Files\Java\jdk1.8.0_60\jre\bin\java.dll
0x0000000071a10000 - 0x0000000071a26000 	C:\Program Files\Java\jdk1.8.0_60\jre\bin\zip.dll
0x00007ff8fe3b0000 - 0x00007ff8ff918000 	C:\WINDOWS\system32\SHELL32.dll
0x00007ff8fd7b0000 - 0x00007ff8fddd8000 	C:\WINDOWS\system32\windows.storage.dll
0x00007ff8fff00000 - 0x00007ff90017c000 	C:\WINDOWS\system32\combase.dll
0x00007ff8ffbc0000 - 0x00007ff8ffc11000 	C:\WINDOWS\system32\shlwapi.dll
0x00007ff8fd780000 - 0x00007ff8fd78f000 	C:\WINDOWS\system32\kernel.appcore.dll
0x00007ff8fde90000 - 0x00007ff8fdf43000 	C:\WINDOWS\system32\shcore.dll
0x00007ff8fd730000 - 0x00007ff8fd77a000 	C:\WINDOWS\system32\powrprof.dll
0x00007ff8fd710000 - 0x00007ff8fd723000 	C:\WINDOWS\system32\profapi.dll
0x00007ff8ffc80000 - 0x00007ff8ffd3e000 	C:\WINDOWS\system32\OLEAUT32.dll

VM Arguments:
jvm_args: -Djava.awt.headless=true -Xmx1024M -Dfile.encoding=windows-1252 -Duser.country=ES -Duser.language=es -Duser.variant 
java_command: com.android.dx.command.Main --dex --force-jumbo --num-threads=4 --multi-dex --output C:\Users\Jordi\AndroidStudioProjects\Prueba3\app\build\intermediates\transforms\dex\debug\folders\1000\10\com.android.support-support-vector-drawable-23.3.0_e7a5a9916e93fab7986797a6a09769697a1a7cb6 C:\Users\Jordi\AndroidStudioProjects\Prueba3\app\build\intermediates\exploded-aar\com.android.support\support-vector-drawable\23.3.0\jars\classes.jar
java_class_path (initial): C:\Users\Jordi\AppData\Local\Android\sdk\build-tools\23.0.2\lib\dx.jar
Launcher Type: SUN_STANDARD

Environment Variables:
JAVA_HOME=C:\Program Files\Java\jdk1.8.0_60
PATH=C:\ProgramData\Oracle\Java\javapath;C:\WINDOWS\system32;C:\WINDOWS;C:\WINDOWS\System32\Wbem;C:\WINDOWS\System32\WindowsPowerShell\v1.0\;C:\Program Files\Java\jdk1.8.0_60\bin;C:\Program Files (x86)\Skype\Phone\
USERNAME=Jordi
OS=Windows_NT
PROCESSOR_IDENTIFIER=Intel64 Family 6 Model 69 Stepping 1, GenuineIntel



---------------  S Y S T E M  ---------------

OS: Windows 10.0 , 64 bit Build 10240 (10.0.10240.16384)

CPU:total 4 (2 cores per cpu, 2 threads per core) family 6 model 69 stepping 1, cmov, cx8, fxsr, mmx, sse, sse2, sse3, ssse3, sse4.1, sse4.2, popcnt, avx, avx2, aes, clmul, erms, lzcnt, ht, tsc, tscinvbit, bmi1, bmi2

Memory: 4k page, physical 4097112k(576620k free), swap 5399756k(5236k free)

vm_info: Java HotSpot(TM) 64-Bit Server VM (25.60-b23) for windows-amd64 JRE (1.8.0_60-b27), built on Aug  4 2015 11:06:27 by "java_re" with MS VC++ 10.0 (VS2010)

time: Fri Jun 17 10:42:12 2016
elapsed time: 4 seconds (0d 0h 0m 4s)

