#
# There is insufficient memory for the Java Runtime Environment to continue.
# Native memory allocation (malloc) failed to allocate 202496 bytes for Chunk::new
# Possible reasons:
#   The system is out of physical RAM or swap space
#   In 32 bit mode, the process size limit was hit
# Possible solutions:
#   Reduce memory load on the system
#   Increase physical memory or swap space
#   Check if swap backing store is full
#   Use 64 bit Java on a 64 bit OS
#   Decrease Java heap size (-Xmx/-Xms)
#   Decrease number of Java threads
#   Decrease Java thread stack sizes (-Xss)
#   Set larger code cache with -XX:ReservedCodeCacheSize=
# This output file may be truncated or incomplete.
#
#  Out of Memory Error (allocation.cpp:390), pid=4648, tid=7152
#
# JRE version: Java(TM) SE Runtime Environment (8.0_60-b27) (build 1.8.0_60-b27)
# Java VM: Java HotSpot(TM) 64-Bit Server VM (25.60-b23 mixed mode windows-amd64 compressed oops)
# Failed to write core dump. Minidumps are not enabled by default on client versions of Windows
#

---------------  T H R E A D  ---------------

Current thread (0x000000001485a800):  JavaThread "C2 CompilerThread0" daemon [_thread_in_native, id=7152, stack(0x0000000015ec0000,0x0000000015fc0000)]

Stack: [0x0000000015ec0000,0x0000000015fc0000]
[error occurred during error reporting (printing stack bounds), id 0xc0000005]

Native frames: (J=compiled Java code, j=interpreted, Vv=VM code, C=native code)


Current CompileTask:
C2:   2511  985       4       com.android.dx.ssa.NormalSsaInsn::mapSourceRegisters (48 bytes)


---------------  P R O C E S S  ---------------

Java Threads: ( => current thread )
  0x0000000016501800 JavaThread "pool-2-thread-4" [_thread_in_Java, id=7876, stack(0x00000000173c0000,0x00000000174c0000)]
  0x0000000016501000 JavaThread "pool-2-thread-3" [_thread_blocked, id=8116, stack(0x00000000172c0000,0x00000000173c0000)]
  0x00000000164a3000 JavaThread "pool-2-thread-2" [_thread_in_Java, id=5020, stack(0x00000000171c0000,0x00000000172c0000)]
  0x00000000164a2000 JavaThread "pool-3-thread-1" [_thread_blocked, id=7276, stack(0x00000000170c0000,0x00000000171c0000)]
  0x0000000016418000 JavaThread "pool-2-thread-1" [_thread_in_Java, id=32, stack(0x0000000016fc0000,0x00000000170c0000)]
  0x00000000161cc800 JavaThread "Service Thread" daemon [_thread_blocked, id=4936, stack(0x00000000165c0000,0x00000000166c0000)]
  0x00000000148bd800 JavaThread "C1 CompilerThread2" daemon [_thread_blocked, id=6520, stack(0x00000000160c0000,0x00000000161c0000)]
  0x0000000014861000 JavaThread "C2 CompilerThread1" daemon [_thread_in_vm, id=4720, stack(0x0000000015fc0000,0x00000000160c0000)]
=>0x000000001485a800 JavaThread "C2 CompilerThread0" daemon [_thread_in_native, id=7152, stack(0x0000000015ec0000,0x0000000015fc0000)]
  0x0000000014859000 JavaThread "Attach Listener" daemon [_thread_blocked, id=1900, stack(0x0000000015dc0000,0x0000000015ec0000)]
  0x0000000014855800 JavaThread "Signal Dispatcher" daemon [_thread_blocked, id=4308, stack(0x0000000015cc0000,0x0000000015dc0000)]
  0x0000000002180800 JavaThread "Finalizer" daemon [_thread_blocked, id=4988, stack(0x0000000015ac0000,0x0000000015bc0000)]
  0x000000000217d000 JavaThread "Reference Handler" daemon [_thread_blocked, id=5284, stack(0x00000000159c0000,0x0000000015ac0000)]
  0x0000000002090800 JavaThread "main" [_thread_in_Java, id=3036, stack(0x0000000001ed0000,0x0000000001fd0000)]

Other Threads:
  0x0000000014828000 VMThread [stack: 0x00000000158c0000,0x00000000159c0000] [id=6124]
  0x00000000161dd000 WatcherThread [stack: 0x00000000166c0000,0x00000000167c0000] [id=7608]

VM state:not at safepoint (normal execution)

VM Mutex/Monitor currently owned by a thread: None

Heap:
 PSYoungGen      total 18944K, used 9859K [0x00000000eab00000, 0x00000000ed000000, 0x0000000100000000)
  eden space 16384K, 44% used [0x00000000eab00000,0x00000000eb2226b8,0x00000000ebb00000)
  from space 2560K, 99% used [0x00000000ebb00000,0x00000000ebd7e780,0x00000000ebd80000)
  to   space 2560K, 0% used [0x00000000ecd80000,0x00000000ecd80000,0x00000000ed000000)
 ParOldGen       total 44032K, used 1002K [0x00000000c0000000, 0x00000000c2b00000, 0x00000000eab00000)
  object space 44032K, 2% used [0x00000000c0000000,0x00000000c00fa9d8,0x00000000c2b00000)
 Metaspace       used 5859K, capacity 6768K, committed 7040K, reserved 1056768K
  class space    used 600K, capacity 616K, committed 640K, reserved 1048576K

Card table byte_map: [0x0000000011550000,0x0000000011760000] byte_map_base: 0x0000000010f50000

Marking Bits: (ParMarkBitMap*) 0x000000007227a5b0
 Begin Bits: [0x0000000011cc0000, 0x0000000012cc0000)
 End Bits:   [0x0000000012cc0000, 0x0000000013cc0000)

Polling page: 0x0000000000780000

CodeCache: size=245760Kb used=3950Kb max_used=3962Kb free=241809Kb
 bounds [0x0000000002190000, 0x0000000002580000, 0x0000000011190000]
 total_blobs=1252 nmethods=983 adapters=182
 compilation: enabled

Compilation events (10 events):
Event: 2.493 Thread 0x00000000148bd800 nmethod 957 0x0000000002566550 code [0x00000000025666c0, 0x0000000002566908]
Event: 2.493 Thread 0x00000000148bd800  976       1       java.util.HashMap$Node::getValue (5 bytes)
Event: 2.494 Thread 0x00000000148bd800 nmethod 976 0x000000000255bb90 code [0x000000000255bce0, 0x000000000255bdf0]
Event: 2.494 Thread 0x00000000148bd800  975       1       com.android.dx.cf.attrib.AttCode::getMaxStack (5 bytes)
Event: 2.494 Thread 0x00000000148bd800 nmethod 975 0x00000000025625d0 code [0x0000000002562720, 0x0000000002562830]
Event: 2.494 Thread 0x0000000014861000  984       4       com.android.dx.util.FixedSizeList::equals (41 bytes)
Event: 2.499 Thread 0x000000001485a800 nmethod 983 0x000000000256da10 code [0x000000000256db80, 0x000000000256e238]
Event: 2.500 Thread 0x000000001485a800  985       4       com.android.dx.ssa.NormalSsaInsn::mapSourceRegisters (48 bytes)
Event: 2.506 Thread 0x00000000148bd800  987       3       com.android.dx.ssa.SsaBasicBlock::replaceSuccessor (125 bytes)
Event: 2.508 Thread 0x00000000148bd800 nmethod 987 0x000000000256bf90 code [0x000000000256c220, 0x000000000256d098]

GC Heap History (2 events):
Event: 1.652 GC heap before
{Heap before GC invocations=1 (full 0):
 PSYoungGen      total 18944K, used 16384K [0x00000000eab00000, 0x00000000ec000000, 0x0000000100000000)
  eden space 16384K, 100% used [0x00000000eab00000,0x00000000ebb00000,0x00000000ebb00000)
  from space 2560K, 0% used [0x00000000ebd80000,0x00000000ebd80000,0x00000000ec000000)
  to   space 2560K, 0% used [0x00000000ebb00000,0x00000000ebb00000,0x00000000ebd80000)
 ParOldGen       total 44032K, used 0K [0x00000000c0000000, 0x00000000c2b00000, 0x00000000eab00000)
  object space 44032K, 0% used [0x00000000c0000000,0x00000000c0000000,0x00000000c2b00000)
 Metaspace       used 5494K, capacity 6448K, committed 6528K, reserved 1056768K
  class space    used 596K, capacity 616K, committed 640K, reserved 1048576K
Event: 1.669 GC heap after
Heap after GC invocations=1 (full 0):
 PSYoungGen      total 18944K, used 2553K [0x00000000eab00000, 0x00000000ed000000, 0x0000000100000000)
  eden space 16384K, 0% used [0x00000000eab00000,0x00000000eab00000,0x00000000ebb00000)
  from space 2560K, 99% used [0x00000000ebb00000,0x00000000ebd7e780,0x00000000ebd80000)
  to   space 2560K, 0% used [0x00000000ecd80000,0x00000000ecd80000,0x00000000ed000000)
 ParOldGen       total 44032K, used 1002K [0x00000000c0000000, 0x00000000c2b00000, 0x00000000eab00000)
  object space 44032K, 2% used [0x00000000c0000000,0x00000000c00fa9d8,0x00000000c2b00000)
 Metaspace       used 5494K, capacity 6448K, committed 6528K, reserved 1056768K
  class space    used 596K, capacity 616K, committed 640K, reserved 1048576K
}

Deoptimization events (1 events):
Event: 0.466 Thread 0x0000000002090800 Uncommon trap: reason=unstable_if action=reinterpret pc=0x00000000022e0d94 method=java.lang.String.compareTo(Ljava/lang/String;)I @ 38

Internal exceptions (2 events):
Event: 0.078 Thread 0x0000000002090800 Exception <a 'java/lang/NoSuchMethodError': Method sun.misc.Unsafe.defineClass(Ljava/lang/String;[BII)Ljava/lang/Class; name or signature does not match> (0x00000000eab0d310) thrown at [C:\re\workspace\8-2-build-windows-amd64-cygwin\jdk8u60\4407\hotspot\srêã¿XÊ≥?
Event: 0.078 Thread 0x0000000002090800 Exception <a 'java/lang/NoSuchMethodError': Method sun.misc.Unsafe.prefetchRead(Ljava/lang/Object;J)V name or signature does not match> (0x00000000eab0d5f8) thrown at [C:\re\workspace\8-2-build-windows-amd64-cygwin\jdk8u60\4407\hotspot\src\share\vm\prims\j

Events (10 events):
Event: 1.909 loading class java/util/ArrayList$1
Event: 1.910 loading class java/util/ArrayList$1 done
Event: 1.921 loading class com/android/dx/cf/code/Ropper$ExceptionHandlerSetup
Event: 1.921 loading class com/android/dx/cf/code/Ropper$ExceptionHandlerSetup done
Event: 1.925 loading class java/util/HashMap$Values
Event: 1.925 loading class java/util/HashMap$Values done
Event: 1.925 loading class java/util/HashMap$ValueIterator
Event: 1.926 loading class java/util/HashMap$ValueIterator done
Event: 2.146 Executing VM operation: ForceSafepoint
Event: 2.242 Executing VM operation: ForceSafepoint done


Dynamic libraries:
0x00007ff6567f0000 - 0x00007ff656827000 	C:\Program Files\Java\jdk1.8.0_60\bin\java.exe
0x00007ff900d20000 - 0x00007ff900ee2000 	C:\WINDOWS\SYSTEM32\ntdll.dll
0x00007ff9002d0000 - 0x00007ff90037d000 	C:\WINDOWS\system32\KERNEL32.DLL
0x00007ff8fe180000 - 0x00007ff8fe35d000 	C:\WINDOWS\system32\KERNELBASE.dll
0x00007ff900c00000 - 0x00007ff900ca6000 	C:\WINDOWS\system32\ADVAPI32.dll
0x00007ff900780000 - 0x00007ff90081d000 	C:\WINDOWS\system32\msvcrt.dll
0x00007ff8ffc20000 - 0x00007ff8ffc7b000 	C:\WINDOWS\system32\sechost.dll
0x00007ff8ffa90000 - 0x00007ff8ffbb6000 	C:\WINDOWS\system32\RPCRT4.dll
0x00007ff900180000 - 0x00007ff9002ce000 	C:\WINDOWS\system32\USER32.dll
0x00007ff8ffd50000 - 0x00007ff8ffed6000 	C:\WINDOWS\system32\GDI32.dll
0x00007ff8edc40000 - 0x00007ff8edeb4000 	C:\WINDOWS\WinSxS\amd64_microsoft.windows.common-controls_6595b64144ccf1df_6.0.10240.16384_none_f41f7b285750ef43\COMCTL32.dll
0x00007ff8ff9d0000 - 0x00007ff8ffa06000 	C:\WINDOWS\system32\IMM32.DLL
0x00007ff900880000 - 0x00007ff9009dc000 	C:\WINDOWS\system32\MSCTF.dll
0x00000000715b0000 - 0x0000000071682000 	C:\Program Files\Java\jdk1.8.0_60\jre\bin\msvcr100.dll
0x0000000071a70000 - 0x00000000722f9000 	C:\Program Files\Java\jdk1.8.0_60\jre\bin\server\jvm.dll
0x00007ff8ffd40000 - 0x00007ff8ffd48000 	C:\WINDOWS\system32\PSAPI.DLL
0x00007ff8f0380000 - 0x00007ff8f0389000 	C:\WINDOWS\SYSTEM32\WSOCK32.dll
0x00007ff8ffa20000 - 0x00007ff8ffa89000 	C:\WINDOWS\system32\WS2_32.dll
0x00007ff8ffa10000 - 0x00007ff8ffa18000 	C:\WINDOWS\system32\NSI.dll
0x00007ff8fba30000 - 0x00007ff8fba53000 	C:\WINDOWS\SYSTEM32\WINMM.dll
0x00007ff8f4ff0000 - 0x00007ff8f4ffa000 	C:\WINDOWS\SYSTEM32\VERSION.dll
0x00007ff8fb7b0000 - 0x00007ff8fb7dc000 	C:\WINDOWS\SYSTEM32\WINMMBASE.dll
0x00007ff8fe360000 - 0x00007ff8fe3a4000 	C:\WINDOWS\system32\cfgmgr32.dll
0x00007ff8fbfe0000 - 0x00007ff8fc007000 	C:\WINDOWS\SYSTEM32\DEVOBJ.dll
0x0000000071a60000 - 0x0000000071a6f000 	C:\Program Files\Java\jdk1.8.0_60\jre\bin\verify.dll
0x0000000071a30000 - 0x0000000071a59000 	C:\Program Files\Java\jdk1.8.0_60\jre\bin\java.dll
0x0000000071a10000 - 0x0000000071a26000 	C:\Program Files\Java\jdk1.8.0_60\jre\bin\zip.dll
0x00007ff8fe3b0000 - 0x00007ff8ff918000 	C:\WINDOWS\system32\SHELL32.dll
0x00007ff8fd7b0000 - 0x00007ff8fddd8000 	C:\WINDOWS\system32\windows.storage.dll
0x00007ff8fff00000 - 0x00007ff90017c000 	C:\WINDOWS\system32\combase.dll
0x00007ff8ffbc0000 - 0x00007ff8ffc11000 	C:\WINDOWS\system32\shlwapi.dll
0x00007ff8fd780000 - 0x00007ff8fd78f000 	C:\WINDOWS\system32\kernel.appcore.dll
0x00007ff8fde90000 - 0x00007ff8fdf43000 	C:\WINDOWS\system32\shcore.dll
0x00007ff8fd730000 - 0x00007ff8fd77a000 	C:\WINDOWS\system32\powrprof.dll
0x00007ff8fd710000 - 0x00007ff8fd723000 	C:\WINDOWS\system32\profapi.dll
0x00007ff8ffc80000 - 0x00007ff8ffd3e000 	C:\WINDOWS\system32\OLEAUT32.dll

VM Arguments:
jvm_args: -Djava.awt.headless=true -Xmx1024M -Dfile.encoding=windows-1252 -Duser.country=ES -Duser.language=es -Duser.variant 
java_command: com.android.dx.command.Main --dex --force-jumbo --num-threads=4 --multi-dex --output C:\Users\Jordi\AndroidStudioProjects\Prueba3\app\build\intermediates\transforms\dex\debug\folders\1000\10\com.android.support-appcompat-v7-23.3.0_2c61ad52849ecfbfbb54fe1eb68429c046405c3b C:\Users\Jordi\AndroidStudioProjects\Prueba3\app\build\intermediates\exploded-aar\com.android.support\appcompat-v7\23.3.0\jars\classes.jar
java_class_path (initial): C:\Users\Jordi\AppData\Local\Android\sdk\build-tools\23.0.2\lib\dx.jar
Launcher Type: SUN_STANDARD

Environment Variables:
JAVA_HOME=C:\Program Files\Java\jdk1.8.0_60
PATH=C:\ProgramData\Oracle\Java\javapath;C:\WINDOWS\system32;C:\WINDOWS;C:\WINDOWS\System32\Wbem;C:\WINDOWS\System32\WindowsPowerShell\v1.0\;C:\Program Files\Java\jdk1.8.0_60\bin;C:\Program Files (x86)\Skype\Phone\
USERNAME=Jordi
OS=Windows_NT
PROCESSOR_IDENTIFIER=Intel64 Family 6 Model 69 Stepping 1, GenuineIntel



---------------  S Y S T E M  ---------------

OS: Windows 10.0 , 64 bit Build 10240 (10.0.10240.16384)

CPU:total 4 (2 cores per cpu, 2 threads per core) family 6 model 69 stepping 1, cmov, cx8, fxsr, mmx, sse, sse2, sse3, ssse3, sse4.1, sse4.2, popcnt, avx, avx2, aes, clmul, erms, lzcnt, ht, tsc, tscinvbit, bmi1, bmi2

Memory: 4k page, physical 4097112k(612348k free), swap 5399756k(5204k free)

vm_info: Java HotSpot(TM) 64-Bit Server VM (25.60-b23) for windows-amd64 JRE (1.8.0_60-b27), built on Aug  4 2015 11:06:27 by "java_re" with MS VC++ 10.0 (VS2010)

time: Fri Jun 17 10:41:30 2016
elapsed time: 2 seconds (0d 0h 0m 2s)

