#
# There is insufficient memory for the Java Runtime Environment to continue.
# Native memory allocation (malloc) failed to allocate 101936 bytes for Chunk::new
# Possible reasons:
#   The system is out of physical RAM or swap space
#   In 32 bit mode, the process size limit was hit
# Possible solutions:
#   Reduce memory load on the system
#   Increase physical memory or swap space
#   Check if swap backing store is full
#   Use 64 bit Java on a 64 bit OS
#   Decrease Java heap size (-Xmx/-Xms)
#   Decrease number of Java threads
#   Decrease Java thread stack sizes (-Xss)
#   Set larger code cache with -XX:ReservedCodeCacheSize=
# This output file may be truncated or incomplete.
#
#  Out of Memory Error (allocation.cpp:390), pid=2444, tid=3080
#
# JRE version: Java(TM) SE Runtime Environment (8.0_60-b27) (build 1.8.0_60-b27)
# Java VM: Java HotSpot(TM) 64-Bit Server VM (25.60-b23 mixed mode windows-amd64 compressed oops)
# Failed to write core dump. Minidumps are not enabled by default on client versions of Windows
#

---------------  T H R E A D  ---------------

Current thread (0x00000000152b6000):  JavaThread "C2 CompilerThread1" daemon [_thread_in_native, id=3080, stack(0x00000000169d0000,0x0000000016ad0000)]

Stack: [0x00000000169d0000,0x0000000016ad0000]
[error occurred during error reporting (printing stack bounds), id 0xc0000005]

Native frames: (J=compiled Java code, j=interpreted, Vv=VM code, C=native code)


Current CompileTask:
C2:   4214  930       4       java.util.HashMap::put (13 bytes)


---------------  P R O C E S S  ---------------

Java Threads: ( => current thread )
  0x0000000016e50800 JavaThread "pool-1-thread-1" [_thread_in_vm, id=5408, stack(0x00000000172d0000,0x00000000173d0000)]
  0x0000000016bd5800 JavaThread "Service Thread" daemon [_thread_blocked, id=6148, stack(0x0000000016fd0000,0x00000000170d0000)]
  0x00000000152bc000 JavaThread "C1 CompilerThread2" daemon [_thread_blocked, id=4124, stack(0x0000000016ad0000,0x0000000016bd0000)]
=>0x00000000152b6000 JavaThread "C2 CompilerThread1" daemon [_thread_in_native, id=3080, stack(0x00000000169d0000,0x0000000016ad0000)]
  0x0000000015259000 JavaThread "C2 CompilerThread0" daemon [_thread_in_native, id=7336, stack(0x00000000168d0000,0x00000000169d0000)]
  0x0000000015257000 JavaThread "Attach Listener" daemon [_thread_blocked, id=2860, stack(0x00000000167d0000,0x00000000168d0000)]
  0x0000000015255800 JavaThread "Signal Dispatcher" daemon [_thread_blocked, id=5216, stack(0x00000000166d0000,0x00000000167d0000)]
  0x0000000002b80800 JavaThread "Finalizer" daemon [_thread_blocked, id=7216, stack(0x00000000164d0000,0x00000000165d0000)]
  0x0000000002b7d000 JavaThread "Reference Handler" daemon [_thread_blocked, id=908, stack(0x00000000163d0000,0x00000000164d0000)]
  0x0000000002a90800 JavaThread "main" [_thread_blocked, id=6892, stack(0x0000000002990000,0x0000000002a90000)]

Other Threads:
  0x0000000015228000 VMThread [stack: 0x00000000162d0000,0x00000000163d0000] [id=4056]
  0x0000000016bd8800 WatcherThread [stack: 0x00000000170d0000,0x00000000171d0000] [id=832]

VM state:not at safepoint (normal execution)

VM Mutex/Monitor currently owned by a thread: None

Heap:
 PSYoungGen      total 18944K, used 15398K [0x00000000eab00000, 0x00000000ec000000, 0x0000000100000000)
  eden space 16384K, 93% used [0x00000000eab00000,0x00000000eba09b70,0x00000000ebb00000)
  from space 2560K, 0% used [0x00000000ebd80000,0x00000000ebd80000,0x00000000ec000000)
  to   space 2560K, 0% used [0x00000000ebb00000,0x00000000ebb00000,0x00000000ebd80000)
 ParOldGen       total 44032K, used 0K [0x00000000c0000000, 0x00000000c2b00000, 0x00000000eab00000)
  object space 44032K, 0% used [0x00000000c0000000,0x00000000c0000000,0x00000000c2b00000)
 Metaspace       used 5901K, capacity 6838K, committed 7040K, reserved 1056768K
  class space    used 607K, capacity 622K, committed 640K, reserved 1048576K

Card table byte_map: [0x0000000011f50000,0x0000000012160000] byte_map_base: 0x0000000011950000

Marking Bits: (ParMarkBitMap*) 0x000000007227a5b0
 Begin Bits: [0x00000000126c0000, 0x00000000136c0000)
 End Bits:   [0x00000000136c0000, 0x00000000146c0000)

Polling page: 0x00000000010e0000

CodeCache: size=245760Kb used=3941Kb max_used=3941Kb free=241818Kb
 bounds [0x0000000002b90000, 0x0000000002f70000, 0x0000000011b90000]
 total_blobs=1210 nmethods=941 adapters=182
 compilation: enabled

Compilation events (10 events):
Event: 4.207 Thread 0x00000000152bc000 nmethod 934 0x0000000002f67850 code [0x0000000002f67a60, 0x0000000002f688f8]
Event: 4.207 Thread 0x00000000152bc000  935       3       java.util.HashMap$HashIterator::nextNode (100 bytes)
Event: 4.208 Thread 0x00000000152bc000 nmethod 935 0x0000000002f69010 code [0x0000000002f691c0, 0x0000000002f69698]
Event: 4.208 Thread 0x00000000152bc000  936       3       com.android.dx.rop.cst.CstMemberRef::hashCode (19 bytes)
Event: 4.209 Thread 0x00000000152bc000 nmethod 936 0x0000000002f698d0 code [0x0000000002f69a80, 0x0000000002f6a2a8]
Event: 4.209 Thread 0x00000000152bc000  937       3       com.android.dx.rop.cst.CstNat::hashCode (19 bytes)
Event: 4.209 Thread 0x00000000152bc000 nmethod 937 0x0000000002f6a650 code [0x0000000002f6a7e0, 0x0000000002f6ac98]
Event: 4.210 Thread 0x00000000152bc000  939       3       java.util.AbstractMap::<init> (5 bytes)
Event: 4.210 Thread 0x00000000152bc000 nmethod 939 0x0000000002f6ae50 code [0x0000000002f6afa0, 0x0000000002f6b150]
Event: 4.210 Thread 0x00000000152bc000  940       3       java.util.TreeMap::getFirstEntry (26 bytes)

GC Heap History (0 events):
No events

Deoptimization events (3 events):
Event: 1.382 Thread 0x0000000016e50000 Uncommon trap: reason=unstable_if action=reinterpret pc=0x0000000002d8c0b4 method=java.util.HashMap.getNode(ILjava/lang/Object;)Ljava/util/HashMap$Node; @ 62
Event: 2.692 Thread 0x0000000016e50000 Uncommon trap: reason=class_check action=maybe_recompile pc=0x0000000002eb2d74 method=com.android.dx.ssa.NormalSsaInsn.accept(Lcom/android/dx/ssa/SsaInsn$Visitor;)V @ 9
Event: 2.692 Thread 0x0000000016e50000 Uncommon trap: reason=class_check action=maybe_recompile pc=0x0000000002eb2d74 method=com.android.dx.ssa.NormalSsaInsn.accept(Lcom/android/dx/ssa/SsaInsn$Visitor;)V @ 9

Internal exceptions (2 events):
Event: 0.088 Thread 0x0000000002a90800 Exception <a 'java/lang/NoSuchMethodError': Method sun.misc.Unsafe.defineClass(Ljava/lang/String;[BII)Ljava/lang/Class; name or signature does not match> (0x00000000eab0d340) thrown at [C:\re\workspace\8-2-build-windows-amd64-cygwin\jdk8u60\4407\hotspot\sr,æ|ÌÑž¶?
Event: 0.088 Thread 0x0000000002a90800 Exception <a 'java/lang/NoSuchMethodError': Method sun.misc.Unsafe.prefetchRead(Ljava/lang/Object;J)V name or signature does not match> (0x00000000eab0d628) thrown at [C:\re\workspace\8-2-build-windows-amd64-cygwin\jdk8u60\4407\hotspot\src\share\vm\prims\j

Events (10 events):
Event: 4.190 loading class java/util/TreeMap$KeyIterator
Event: 4.190 loading class java/util/TreeMap$KeyIterator done
Event: 4.190 Executing VM operation: Deoptimize
Event: 4.190 Executing VM operation: Deoptimize done
Event: 4.191 loading class java/util/TreeMap$EntrySet
Event: 4.191 loading class java/util/TreeMap$EntrySet done
Event: 4.192 loading class java/util/TreeMap$EntryIterator
Event: 4.192 loading class java/util/TreeMap$EntryIterator done
Event: 4.199 loading class com/android/dx/dex/file/CatchStructs
Event: 4.199 loading class com/android/dx/dex/file/CatchStructs done


Dynamic libraries:
0x00007ff6567f0000 - 0x00007ff656827000 	C:\Program Files\Java\jdk1.8.0_60\bin\java.exe
0x00007ff900d20000 - 0x00007ff900ee2000 	C:\WINDOWS\SYSTEM32\ntdll.dll
0x00007ff9002d0000 - 0x00007ff90037d000 	C:\WINDOWS\system32\KERNEL32.DLL
0x00007ff8fe180000 - 0x00007ff8fe35d000 	C:\WINDOWS\system32\KERNELBASE.dll
0x00007ff900c00000 - 0x00007ff900ca6000 	C:\WINDOWS\system32\ADVAPI32.dll
0x00007ff900780000 - 0x00007ff90081d000 	C:\WINDOWS\system32\msvcrt.dll
0x00007ff8ffc20000 - 0x00007ff8ffc7b000 	C:\WINDOWS\system32\sechost.dll
0x00007ff8ffa90000 - 0x00007ff8ffbb6000 	C:\WINDOWS\system32\RPCRT4.dll
0x00007ff900180000 - 0x00007ff9002ce000 	C:\WINDOWS\system32\USER32.dll
0x00007ff8ffd50000 - 0x00007ff8ffed6000 	C:\WINDOWS\system32\GDI32.dll
0x00007ff8edc40000 - 0x00007ff8edeb4000 	C:\WINDOWS\WinSxS\amd64_microsoft.windows.common-controls_6595b64144ccf1df_6.0.10240.16384_none_f41f7b285750ef43\COMCTL32.dll
0x00007ff8ff9d0000 - 0x00007ff8ffa06000 	C:\WINDOWS\system32\IMM32.DLL
0x00007ff900880000 - 0x00007ff9009dc000 	C:\WINDOWS\system32\MSCTF.dll
0x00000000715b0000 - 0x0000000071682000 	C:\Program Files\Java\jdk1.8.0_60\jre\bin\msvcr100.dll
0x0000000071a70000 - 0x00000000722f9000 	C:\Program Files\Java\jdk1.8.0_60\jre\bin\server\jvm.dll
0x00007ff8ffd40000 - 0x00007ff8ffd48000 	C:\WINDOWS\system32\PSAPI.DLL
0x00007ff8f0380000 - 0x00007ff8f0389000 	C:\WINDOWS\SYSTEM32\WSOCK32.dll
0x00007ff8ffa20000 - 0x00007ff8ffa89000 	C:\WINDOWS\system32\WS2_32.dll
0x00007ff8ffa10000 - 0x00007ff8ffa18000 	C:\WINDOWS\system32\NSI.dll
0x00007ff8fba30000 - 0x00007ff8fba53000 	C:\WINDOWS\SYSTEM32\WINMM.dll
0x00007ff8f4ff0000 - 0x00007ff8f4ffa000 	C:\WINDOWS\SYSTEM32\VERSION.dll
0x00007ff8fb7b0000 - 0x00007ff8fb7dc000 	C:\WINDOWS\SYSTEM32\WINMMBASE.dll
0x00007ff8fe360000 - 0x00007ff8fe3a4000 	C:\WINDOWS\system32\cfgmgr32.dll
0x00007ff8fbfe0000 - 0x00007ff8fc007000 	C:\WINDOWS\SYSTEM32\DEVOBJ.dll
0x0000000071a60000 - 0x0000000071a6f000 	C:\Program Files\Java\jdk1.8.0_60\jre\bin\verify.dll
0x0000000071a30000 - 0x0000000071a59000 	C:\Program Files\Java\jdk1.8.0_60\jre\bin\java.dll
0x0000000071a10000 - 0x0000000071a26000 	C:\Program Files\Java\jdk1.8.0_60\jre\bin\zip.dll
0x00007ff8fe3b0000 - 0x00007ff8ff918000 	C:\WINDOWS\system32\SHELL32.dll
0x00007ff8fd7b0000 - 0x00007ff8fddd8000 	C:\WINDOWS\system32\windows.storage.dll
0x00007ff8fff00000 - 0x00007ff90017c000 	C:\WINDOWS\system32\combase.dll
0x00007ff8ffbc0000 - 0x00007ff8ffc11000 	C:\WINDOWS\system32\shlwapi.dll
0x00007ff8fd780000 - 0x00007ff8fd78f000 	C:\WINDOWS\system32\kernel.appcore.dll
0x00007ff8fde90000 - 0x00007ff8fdf43000 	C:\WINDOWS\system32\shcore.dll
0x00007ff8fd730000 - 0x00007ff8fd77a000 	C:\WINDOWS\system32\powrprof.dll
0x00007ff8fd710000 - 0x00007ff8fd723000 	C:\WINDOWS\system32\profapi.dll
0x00007ff8ffc80000 - 0x00007ff8ffd3e000 	C:\WINDOWS\system32\OLEAUT32.dll

VM Arguments:
jvm_args: -Djava.awt.headless=true -Xmx1024M -Dfile.encoding=windows-1252 -Duser.country=ES -Duser.language=es -Duser.variant 
java_command: com.android.dx.command.Main --dex --force-jumbo --num-threads=4 --multi-dex --output C:\Users\Jordi\AndroidStudioProjects\Prueba3\app\build\intermediates\transforms\dex\debug\folders\1000\10\com.android.support-animated-vector-drawable-23.3.0_d2da70bed15771e24e1840d2aa6ee779b4015ae3 C:\Users\Jordi\AndroidStudioProjects\Prueba3\app\build\intermediates\exploded-aar\com.android.support\animated-vector-drawable\23.3.0\jars\classes.jar
java_class_path (initial): C:\Users\Jordi\AppData\Local\Android\sdk\build-tools\23.0.2\lib\dx.jar
Launcher Type: SUN_STANDARD

Environment Variables:
JAVA_HOME=C:\Program Files\Java\jdk1.8.0_60
PATH=C:\ProgramData\Oracle\Java\javapath;C:\WINDOWS\system32;C:\WINDOWS;C:\WINDOWS\System32\Wbem;C:\WINDOWS\System32\WindowsPowerShell\v1.0\;C:\Program Files\Java\jdk1.8.0_60\bin;C:\Program Files (x86)\Skype\Phone\
USERNAME=Jordi
OS=Windows_NT
PROCESSOR_IDENTIFIER=Intel64 Family 6 Model 69 Stepping 1, GenuineIntel



---------------  S Y S T E M  ---------------

OS: Windows 10.0 , 64 bit Build 10240 (10.0.10240.16384)

CPU:total 4 (2 cores per cpu, 2 threads per core) family 6 model 69 stepping 1, cmov, cx8, fxsr, mmx, sse, sse2, sse3, ssse3, sse4.1, sse4.2, popcnt, avx, avx2, aes, clmul, erms, lzcnt, ht, tsc, tscinvbit, bmi1, bmi2

Memory: 4k page, physical 4097112k(574496k free), swap 5399756k(4192k free)

vm_info: Java HotSpot(TM) 64-Bit Server VM (25.60-b23) for windows-amd64 JRE (1.8.0_60-b27), built on Aug  4 2015 11:06:27 by "java_re" with MS VC++ 10.0 (VS2010)

time: Fri Jun 17 10:42:12 2016
elapsed time: 4 seconds (0d 0h 0m 4s)

